2021-04-21 20:04:59,941 - mmdet - INFO - Environment info:
------------------------------------------------------------
sys.platform: linux
Python: 3.7.10 (default, Feb 26 2021, 18:47:35) [GCC 7.3.0]
CUDA available: True
GPU 0,1: Quadro RTX 6000
CUDA_HOME: /usr/local/cuda
NVCC: Cuda compilation tools, release 10.0, V10.0.130
GCC: gcc (Ubuntu 5.4.0-6ubuntu1~16.04.12) 5.4.0 20160609
PyTorch: 1.6.0
PyTorch compiling details: PyTorch built with:
  - GCC 7.3
  - C++ Version: 201402
  - Intel(R) Math Kernel Library Version 2020.0.2 Product Build 20200624 for Intel(R) 64 architecture applications
  - Intel(R) MKL-DNN v1.5.0 (Git Hash e2ac1fac44c5078ca927cb9b90e1b3066a0b2ed0)
  - OpenMP 201511 (a.k.a. OpenMP 4.5)
  - NNPACK is enabled
  - CPU capability usage: AVX2
  - CUDA Runtime 10.2
  - NVCC architecture flags: -gencode;arch=compute_37,code=sm_37;-gencode;arch=compute_50,code=sm_50;-gencode;arch=compute_60,code=sm_60;-gencode;arch=compute_61,code=sm_61;-gencode;arch=compute_70,code=sm_70;-gencode;arch=compute_75,code=sm_75;-gencode;arch=compute_37,code=compute_37
  - CuDNN 7.6.5
  - Magma 2.5.2
  - Build settings: BLAS=MKL, BUILD_TYPE=Release, CXX_FLAGS= -Wno-deprecated -fvisibility-inlines-hidden -DUSE_PTHREADPOOL -fopenmp -DNDEBUG -DUSE_FBGEMM -DUSE_QNNPACK -DUSE_PYTORCH_QNNPACK -DUSE_XNNPACK -DUSE_VULKAN_WRAPPER -O2 -fPIC -Wno-narrowing -Wall -Wextra -Werror=return-type -Wno-missing-field-initializers -Wno-type-limits -Wno-array-bounds -Wno-unknown-pragmas -Wno-sign-compare -Wno-unused-parameter -Wno-unused-variable -Wno-unused-function -Wno-unused-result -Wno-unused-local-typedefs -Wno-strict-overflow -Wno-strict-aliasing -Wno-error=deprecated-declarations -Wno-stringop-overflow -Wno-error=pedantic -Wno-error=redundant-decls -Wno-error=old-style-cast -fdiagnostics-color=always -faligned-new -Wno-unused-but-set-variable -Wno-maybe-uninitialized -fno-math-errno -fno-trapping-math -Werror=format -Wno-stringop-overflow, PERF_WITH_AVX=1, PERF_WITH_AVX2=1, PERF_WITH_AVX512=1, USE_CUDA=ON, USE_EXCEPTION_PTR=1, USE_GFLAGS=OFF, USE_GLOG=OFF, USE_MKL=ON, USE_MKLDNN=ON, USE_MPI=OFF, USE_NCCL=ON, USE_NNPACK=ON, USE_OPENMP=ON, USE_STATIC_DISPATCH=OFF, 

TorchVision: 0.7.0
OpenCV: 4.4.0
MMCV: 1.2.7
MMCV Compiler: GCC 7.3
MMCV CUDA Compiler: 10.2
MMDetection: 2.10.0+58bf7da
------------------------------------------------------------

2021-04-21 20:05:00,289 - mmdet - INFO - Distributed training: False
2021-04-21 20:05:00,587 - mmdet - INFO - Config:
model = dict(
    type='RetinaNet',
    pretrained='torchvision://resnet50',
    backbone=dict(
        type='ResNet',
        depth=50,
        num_stages=4,
        out_indices=(0, 1, 2, 3),
        frozen_stages=1,
        norm_cfg=dict(type='BN', requires_grad=True),
        norm_eval=True,
        style='pytorch'),
    neck=dict(
        type='FPN',
        in_channels=[256, 512, 1024, 2048],
        out_channels=256,
        start_level=1,
        add_extra_convs='on_input',
        num_outs=5),
    bbox_head=dict(
        type='RetinaHead',
        num_classes=10,
        in_channels=256,
        stacked_convs=4,
        feat_channels=256,
        anchor_generator=dict(
            type='AnchorGenerator',
            octave_base_scale=4,
            scales_per_octave=3,
            ratios=[0.5, 1.0, 2.0],
            strides=[8, 16, 32, 64, 128]),
        bbox_coder=dict(
            type='DeltaXYWHBBoxCoder',
            target_means=[0.0, 0.0, 0.0, 0.0],
            target_stds=[1.0, 1.0, 1.0, 1.0]),
        loss_cls=dict(
            type='FocalLoss',
            use_sigmoid=True,
            gamma=2.0,
            alpha=0.25,
            loss_weight=1.0),
        loss_bbox=dict(type='L1Loss', loss_weight=1.0)),
    train_cfg=dict(
        assigner=dict(
            type='MaxIoUAssigner',
            pos_iou_thr=0.5,
            neg_iou_thr=0.4,
            min_pos_iou=0,
            ignore_iof_thr=-1),
        allowed_border=-1,
        pos_weight=-1,
        debug=False),
    test_cfg=dict(
        nms_pre=1000,
        min_bbox_size=0,
        score_thr=0.05,
        nms=dict(type='nms', iou_threshold=0.5),
        max_per_img=100))
dataset_type = 'CocoDataset'
data_root = 'data/coco/'
img_norm_cfg = dict(
    mean=[123.675, 116.28, 103.53], std=[58.395, 57.12, 57.375], to_rgb=True)
train_pipeline = [
    dict(type='LoadImageFromFile'),
    dict(type='LoadAnnotations', with_bbox=True),
    dict(type='Resize', img_scale=(1333, 800), keep_ratio=True),
    dict(type='RandomFlip', flip_ratio=0.5),
    dict(
        type='Normalize',
        mean=[123.675, 116.28, 103.53],
        std=[58.395, 57.12, 57.375],
        to_rgb=True),
    dict(type='Pad', size_divisor=32),
    dict(type='DefaultFormatBundle'),
    dict(type='Collect', keys=['img', 'gt_bboxes', 'gt_labels'])
]
test_pipeline = [
    dict(type='LoadImageFromFile'),
    dict(
        type='MultiScaleFlipAug',
        img_scale=(1333, 800),
        flip=False,
        transforms=[
            dict(type='Resize', keep_ratio=True),
            dict(type='RandomFlip'),
            dict(
                type='Normalize',
                mean=[123.675, 116.28, 103.53],
                std=[58.395, 57.12, 57.375],
                to_rgb=True),
            dict(type='Pad', size_divisor=32),
            dict(type='ImageToTensor', keys=['img']),
            dict(type='Collect', keys=['img'])
        ])
]
data = dict(
    samples_per_gpu=4,
    workers_per_gpu=4,
    train=dict(
        type='CocoDataset',
        ann_file='data/coco/annotations/instances_train2017.json',
        img_prefix='data/coco/train2017/',
        pipeline=[
            dict(type='LoadImageFromFile'),
            dict(type='LoadAnnotations', with_bbox=True),
            dict(type='Resize', img_scale=(1333, 800), keep_ratio=True),
            dict(type='RandomFlip', flip_ratio=0.5),
            dict(
                type='Normalize',
                mean=[123.675, 116.28, 103.53],
                std=[58.395, 57.12, 57.375],
                to_rgb=True),
            dict(type='Pad', size_divisor=32),
            dict(type='DefaultFormatBundle'),
            dict(type='Collect', keys=['img', 'gt_bboxes', 'gt_labels'])
        ]),
    val=dict(
        type='CocoDataset',
        ann_file='data/coco/annotations/instances_val2017.json',
        img_prefix='data/coco/val2017/',
        pipeline=[
            dict(type='LoadImageFromFile'),
            dict(
                type='MultiScaleFlipAug',
                img_scale=(1333, 800),
                flip=False,
                transforms=[
                    dict(type='Resize', keep_ratio=True),
                    dict(type='RandomFlip'),
                    dict(
                        type='Normalize',
                        mean=[123.675, 116.28, 103.53],
                        std=[58.395, 57.12, 57.375],
                        to_rgb=True),
                    dict(type='Pad', size_divisor=32),
                    dict(type='ImageToTensor', keys=['img']),
                    dict(type='Collect', keys=['img'])
                ])
        ]),
    test=dict(
        type='CocoDataset',
        ann_file='data/coco/annotations/instances_val2017.json',
        img_prefix='data/coco/val2017/',
        pipeline=[
            dict(type='LoadImageFromFile'),
            dict(
                type='MultiScaleFlipAug',
                img_scale=(1333, 800),
                flip=False,
                transforms=[
                    dict(type='Resize', keep_ratio=True),
                    dict(type='RandomFlip'),
                    dict(
                        type='Normalize',
                        mean=[123.675, 116.28, 103.53],
                        std=[58.395, 57.12, 57.375],
                        to_rgb=True),
                    dict(type='Pad', size_divisor=32),
                    dict(type='ImageToTensor', keys=['img']),
                    dict(type='Collect', keys=['img'])
                ])
        ]))
evaluation = dict(interval=1, metric='bbox')
optimizer = dict(type='SGD', lr=0.00125, momentum=0.9, weight_decay=0.0001)
optimizer_config = dict(grad_clip=None)
lr_config = dict(
    policy='step',
    warmup='linear',
    warmup_iters=500,
    warmup_ratio=0.001,
    step=[8, 11])
runner = dict(type='EpochBasedRunner', max_epochs=12)
checkpoint_config = dict(interval=1)
log_config = dict(interval=50, hooks=[dict(type='TextLoggerHook')])
custom_hooks = [dict(type='NumClassCheckHook')]
dist_params = dict(backend='nccl')
log_level = 'INFO'
load_from = None
resume_from = None
workflow = [('train', 1)]
work_dir = './work_dirs/retinanet_r50_fpn_1x_coco'
gpu_ids = [1]

2021-04-21 20:05:01,137 - mmdet - INFO - load model from: torchvision://resnet50
2021-04-21 20:05:01,137 - mmdet - INFO - Use load_from_torchvision loader
2021-04-21 20:05:01,589 - mmdet - WARNING - The model and loaded state dict do not match exactly

unexpected key in source state_dict: fc.weight, fc.bias

2021-04-21 20:05:10,745 - mmdet - INFO - Start running, host: ubuntu@nipa2021-1297, work_dir: /home/ubuntu/masati/mmdet/work_dirs/retinanet_r50_fpn_1x_coco
2021-04-21 20:05:10,745 - mmdet - INFO - workflow: [('train', 1)], max: 12 epochs
2021-04-21 20:06:32,895 - mmdet - INFO - Epoch [1][50/1581]	lr: 1.236e-04, eta: 8:36:22, time: 1.637, data_time: 0.071, memory: 5598, loss_cls: 1.1379, loss_bbox: 0.6920, loss: 1.8299
2021-04-21 20:07:50,806 - mmdet - INFO - Epoch [1][100/1581]	lr: 2.485e-04, eta: 8:22:58, time: 1.561, data_time: 0.018, memory: 5598, loss_cls: 1.1382, loss_bbox: 0.6781, loss: 1.8162
2021-04-21 20:09:10,264 - mmdet - INFO - Epoch [1][150/1581]	lr: 3.734e-04, eta: 8:20:28, time: 1.588, data_time: 0.016, memory: 5598, loss_cls: 1.1373, loss_bbox: 0.6744, loss: 1.8118
2021-04-21 20:10:28,626 - mmdet - INFO - Epoch [1][200/1581]	lr: 4.983e-04, eta: 8:17:01, time: 1.568, data_time: 0.018, memory: 5598, loss_cls: 1.1378, loss_bbox: 0.6585, loss: 1.7963
2021-04-21 20:11:46,939 - mmdet - INFO - Epoch [1][250/1581]	lr: 6.231e-04, eta: 8:14:18, time: 1.566, data_time: 0.016, memory: 5598, loss_cls: 1.1376, loss_bbox: 0.6430, loss: 1.7806
2021-04-21 20:13:05,444 - mmdet - INFO - Epoch [1][300/1581]	lr: 7.480e-04, eta: 8:12:15, time: 1.570, data_time: 0.017, memory: 5598, loss_cls: 1.1353, loss_bbox: 0.6142, loss: 1.7496
2021-04-21 20:14:23,673 - mmdet - INFO - Epoch [1][350/1581]	lr: 8.729e-04, eta: 8:10:03, time: 1.562, data_time: 0.018, memory: 5598, loss_cls: 1.1337, loss_bbox: 0.6112, loss: 1.7449
2021-04-21 20:15:41,939 - mmdet - INFO - Epoch [1][400/1581]	lr: 9.978e-04, eta: 8:08:18, time: 1.568, data_time: 0.018, memory: 5598, loss_cls: 1.1266, loss_bbox: 0.6094, loss: 1.7360
2021-04-21 20:17:00,540 - mmdet - INFO - Epoch [1][450/1581]	lr: 1.123e-03, eta: 8:06:43, time: 1.569, data_time: 0.016, memory: 5598, loss_cls: 1.0270, loss_bbox: 0.6021, loss: 1.6291
2021-04-21 20:18:18,191 - mmdet - INFO - Epoch [1][500/1581]	lr: 1.248e-03, eta: 8:04:44, time: 1.555, data_time: 0.019, memory: 5598, loss_cls: 0.8167, loss_bbox: 0.5861, loss: 1.4028
2021-04-21 20:19:37,126 - mmdet - INFO - Epoch [1][550/1581]	lr: 1.250e-03, eta: 8:03:33, time: 1.579, data_time: 0.017, memory: 5603, loss_cls: 0.7756, loss_bbox: 0.5617, loss: 1.3373
2021-04-21 20:20:55,878 - mmdet - INFO - Epoch [1][600/1581]	lr: 1.250e-03, eta: 8:02:13, time: 1.574, data_time: 0.017, memory: 5603, loss_cls: 0.8729, loss_bbox: 0.5606, loss: 1.4336
2021-04-21 20:22:15,082 - mmdet - INFO - Epoch [1][650/1581]	lr: 1.250e-03, eta: 8:01:04, time: 1.582, data_time: 0.017, memory: 5603, loss_cls: 0.6747, loss_bbox: 0.5432, loss: 1.2179
2021-04-21 20:23:33,182 - mmdet - INFO - Epoch [1][700/1581]	lr: 1.250e-03, eta: 7:59:32, time: 1.565, data_time: 0.020, memory: 5603, loss_cls: 0.6585, loss_bbox: 0.5407, loss: 1.1992
2021-04-21 20:24:51,527 - mmdet - INFO - Epoch [1][750/1581]	lr: 1.250e-03, eta: 7:58:04, time: 1.567, data_time: 0.017, memory: 5603, loss_cls: 0.6313, loss_bbox: 0.5148, loss: 1.1461
2021-04-21 20:26:09,388 - mmdet - INFO - Epoch [1][800/1581]	lr: 1.250e-03, eta: 7:56:25, time: 1.557, data_time: 0.016, memory: 5603, loss_cls: 0.6139, loss_bbox: 0.4998, loss: 1.1138
2021-04-21 20:27:27,924 - mmdet - INFO - Epoch [1][850/1581]	lr: 1.250e-03, eta: 7:55:01, time: 1.568, data_time: 0.017, memory: 5603, loss_cls: 0.5807, loss_bbox: 0.4820, loss: 1.0628
2021-04-21 20:28:46,555 - mmdet - INFO - Epoch [1][900/1581]	lr: 1.250e-03, eta: 7:53:43, time: 1.573, data_time: 0.020, memory: 5618, loss_cls: 0.5645, loss_bbox: 0.4878, loss: 1.0523
2021-04-21 20:30:04,034 - mmdet - INFO - Epoch [1][950/1581]	lr: 1.250e-03, eta: 7:52:05, time: 1.552, data_time: 0.019, memory: 5618, loss_cls: 0.5865, loss_bbox: 0.4749, loss: 1.0614
2021-04-21 20:31:22,054 - mmdet - INFO - Exp name: retinanet_r50_fpn_1x_coco.py
2021-04-21 20:31:22,055 - mmdet - INFO - Epoch [1][1000/1581]	lr: 1.250e-03, eta: 7:50:36, time: 1.560, data_time: 0.016, memory: 5618, loss_cls: 0.5768, loss_bbox: 0.4675, loss: 1.0443
2021-04-21 20:32:40,800 - mmdet - INFO - Epoch [1][1050/1581]	lr: 1.250e-03, eta: 7:49:21, time: 1.575, data_time: 0.025, memory: 5618, loss_cls: 0.5558, loss_bbox: 0.4606, loss: 1.0164
2021-04-21 20:33:57,372 - mmdet - INFO - Epoch [1][1100/1581]	lr: 1.250e-03, eta: 7:47:28, time: 1.529, data_time: 0.025, memory: 5637, loss_cls: 0.5703, loss_bbox: 0.4487, loss: 1.0190
2021-04-21 20:35:17,906 - mmdet - INFO - Epoch [1][1150/1581]	lr: 1.250e-03, eta: 7:46:43, time: 1.613, data_time: 0.019, memory: 5637, loss_cls: 0.5502, loss_bbox: 0.4581, loss: 1.0082
2021-04-21 20:36:36,379 - mmdet - INFO - Epoch [1][1200/1581]	lr: 1.250e-03, eta: 7:45:22, time: 1.567, data_time: 0.017, memory: 5637, loss_cls: 0.5357, loss_bbox: 0.4372, loss: 0.9729
2021-04-21 20:37:53,659 - mmdet - INFO - Epoch [1][1250/1581]	lr: 1.250e-03, eta: 7:43:46, time: 1.546, data_time: 0.020, memory: 5637, loss_cls: 0.5232, loss_bbox: 0.4243, loss: 0.9475
2021-04-21 20:39:12,430 - mmdet - INFO - Epoch [1][1300/1581]	lr: 1.250e-03, eta: 7:42:31, time: 1.575, data_time: 0.018, memory: 5637, loss_cls: 0.5283, loss_bbox: 0.4309, loss: 0.9592
2021-04-21 20:40:30,512 - mmdet - INFO - Epoch [1][1350/1581]	lr: 1.250e-03, eta: 7:41:06, time: 1.560, data_time: 0.019, memory: 5637, loss_cls: 0.5166, loss_bbox: 0.4227, loss: 0.9394
2021-04-21 20:41:49,065 - mmdet - INFO - Epoch [1][1400/1581]	lr: 1.250e-03, eta: 7:39:49, time: 1.572, data_time: 0.020, memory: 5677, loss_cls: 0.5153, loss_bbox: 0.4246, loss: 0.9399
2021-04-21 20:43:06,441 - mmdet - INFO - Epoch [1][1450/1581]	lr: 1.250e-03, eta: 7:38:17, time: 1.549, data_time: 0.018, memory: 5677, loss_cls: 0.5027, loss_bbox: 0.4178, loss: 0.9205
2021-04-21 20:44:24,915 - mmdet - INFO - Epoch [1][1500/1581]	lr: 1.250e-03, eta: 7:36:59, time: 1.569, data_time: 0.019, memory: 5677, loss_cls: 0.5812, loss_bbox: 0.4132, loss: 0.9944
2021-04-21 20:45:36,690 - mmdet - INFO - Epoch [1][1550/1581]	lr: 1.250e-03, eta: 7:34:25, time: 1.436, data_time: 0.018, memory: 5677, loss_cls: 0.5391, loss_bbox: 0.4110, loss: 0.9501
2021-04-21 20:46:14,174 - mmdet - INFO - Saving checkpoint at 1 epochs
2021-04-21 20:47:48,908 - mmdet - INFO - Evaluating bbox...
2021-04-21 20:47:52,700 - mmdet - INFO - Exp name: retinanet_r50_fpn_1x_coco.py
2021-04-21 20:47:52,700 - mmdet - INFO - Epoch(val) [1][1581]	bbox_mAP: 0.0360, bbox_mAP_50: 0.1090, bbox_mAP_75: 0.0120, bbox_mAP_s: 0.0000, bbox_mAP_m: 0.0530, bbox_mAP_l: 0.0420, bbox_mAP_copypaste: 0.036 0.109 0.012 0.000 0.053 0.042
2021-04-21 20:49:14,110 - mmdet - INFO - Epoch [2][50/1581]	lr: 1.250e-03, eta: 7:24:13, time: 1.622, data_time: 0.065, memory: 5677, loss_cls: 0.4898, loss_bbox: 0.4094, loss: 0.8992
2021-04-21 20:50:32,096 - mmdet - INFO - Epoch [2][100/1581]	lr: 1.250e-03, eta: 7:23:09, time: 1.561, data_time: 0.019, memory: 5677, loss_cls: 0.4870, loss_bbox: 0.4001, loss: 0.8871
2021-04-21 20:51:48,832 - mmdet - INFO - Epoch [2][150/1581]	lr: 1.250e-03, eta: 7:21:50, time: 1.535, data_time: 0.017, memory: 5677, loss_cls: 0.4836, loss_bbox: 0.3943, loss: 0.8779
2021-04-21 20:53:06,906 - mmdet - INFO - Epoch [2][200/1581]	lr: 1.250e-03, eta: 7:20:44, time: 1.560, data_time: 0.017, memory: 5677, loss_cls: 0.4912, loss_bbox: 0.3918, loss: 0.8830
2021-04-21 20:54:25,742 - mmdet - INFO - Epoch [2][250/1581]	lr: 1.250e-03, eta: 7:19:45, time: 1.576, data_time: 0.018, memory: 5677, loss_cls: 0.4896, loss_bbox: 0.3903, loss: 0.8798
2021-04-21 20:55:45,355 - mmdet - INFO - Epoch [2][300/1581]	lr: 1.250e-03, eta: 7:18:52, time: 1.594, data_time: 0.020, memory: 5677, loss_cls: 0.4795, loss_bbox: 0.4085, loss: 0.8880
2021-04-21 20:57:04,643 - mmdet - INFO - Epoch [2][350/1581]	lr: 1.250e-03, eta: 7:17:56, time: 1.587, data_time: 0.020, memory: 5677, loss_cls: 0.4467, loss_bbox: 0.3724, loss: 0.8191
2021-04-21 20:58:23,590 - mmdet - INFO - Epoch [2][400/1581]	lr: 1.250e-03, eta: 7:16:54, time: 1.576, data_time: 0.017, memory: 5677, loss_cls: 0.4927, loss_bbox: 0.3881, loss: 0.8809
2021-04-21 20:59:42,056 - mmdet - INFO - Epoch [2][450/1581]	lr: 1.250e-03, eta: 7:15:49, time: 1.573, data_time: 0.019, memory: 5677, loss_cls: 0.4791, loss_bbox: 0.3792, loss: 0.8583
2021-04-21 21:01:01,291 - mmdet - INFO - Epoch [2][500/1581]	lr: 1.250e-03, eta: 7:14:47, time: 1.581, data_time: 0.016, memory: 5677, loss_cls: 0.4496, loss_bbox: 0.3782, loss: 0.8279
2021-04-21 21:02:19,286 - mmdet - INFO - Epoch [2][550/1581]	lr: 1.250e-03, eta: 7:13:37, time: 1.564, data_time: 0.034, memory: 5677, loss_cls: 0.4474, loss_bbox: 0.3824, loss: 0.8298
2021-04-21 21:03:37,103 - mmdet - INFO - Epoch [2][600/1581]	lr: 1.250e-03, eta: 7:12:23, time: 1.553, data_time: 0.021, memory: 5677, loss_cls: 0.4717, loss_bbox: 0.3838, loss: 0.8555
2021-04-21 21:04:54,240 - mmdet - INFO - Epoch [2][650/1581]	lr: 1.250e-03, eta: 7:11:05, time: 1.543, data_time: 0.020, memory: 5677, loss_cls: 0.4451, loss_bbox: 0.3683, loss: 0.8134
2021-04-21 21:06:12,514 - mmdet - INFO - Epoch [2][700/1581]	lr: 1.250e-03, eta: 7:09:55, time: 1.566, data_time: 0.020, memory: 5677, loss_cls: 0.4544, loss_bbox: 0.3844, loss: 0.8388
2021-04-21 21:07:30,601 - mmdet - INFO - Epoch [2][750/1581]	lr: 1.250e-03, eta: 7:08:45, time: 1.564, data_time: 0.019, memory: 5677, loss_cls: 0.4290, loss_bbox: 0.3762, loss: 0.8053
2021-04-21 21:08:48,712 - mmdet - INFO - Epoch [2][800/1581]	lr: 1.250e-03, eta: 7:07:32, time: 1.559, data_time: 0.016, memory: 5677, loss_cls: 0.4740, loss_bbox: 0.3758, loss: 0.8498
2021-04-21 21:10:07,236 - mmdet - INFO - Epoch [2][850/1581]	lr: 1.250e-03, eta: 7:06:23, time: 1.572, data_time: 0.020, memory: 5677, loss_cls: 0.4285, loss_bbox: 0.3630, loss: 0.7915
2021-04-21 21:11:27,209 - mmdet - INFO - Epoch [2][900/1581]	lr: 1.250e-03, eta: 7:05:23, time: 1.599, data_time: 0.019, memory: 5677, loss_cls: 0.4390, loss_bbox: 0.3713, loss: 0.8102
2021-04-21 21:12:45,534 - mmdet - INFO - Epoch [2][950/1581]	lr: 1.250e-03, eta: 7:04:13, time: 1.568, data_time: 0.019, memory: 5677, loss_cls: 0.4181, loss_bbox: 0.3636, loss: 0.7816
2021-04-21 21:14:04,023 - mmdet - INFO - Epoch [2][1000/1581]	lr: 1.250e-03, eta: 7:03:01, time: 1.567, data_time: 0.018, memory: 5677, loss_cls: 0.4393, loss_bbox: 0.3756, loss: 0.8149
2021-04-21 21:15:23,472 - mmdet - INFO - Epoch [2][1050/1581]	lr: 1.250e-03, eta: 7:01:56, time: 1.589, data_time: 0.019, memory: 5682, loss_cls: 0.4242, loss_bbox: 0.3561, loss: 0.7803
2021-04-21 21:16:42,053 - mmdet - INFO - Epoch [2][1100/1581]	lr: 1.250e-03, eta: 7:00:46, time: 1.574, data_time: 0.019, memory: 5682, loss_cls: 0.4174, loss_bbox: 0.3536, loss: 0.7710
2021-04-21 21:18:01,136 - mmdet - INFO - Epoch [2][1150/1581]	lr: 1.250e-03, eta: 6:59:38, time: 1.580, data_time: 0.018, memory: 5682, loss_cls: 0.3993, loss_bbox: 0.3487, loss: 0.7480
2021-04-21 21:19:17,761 - mmdet - INFO - Epoch [2][1200/1581]	lr: 1.250e-03, eta: 6:58:15, time: 1.530, data_time: 0.018, memory: 5682, loss_cls: 0.3971, loss_bbox: 0.3578, loss: 0.7550
2021-04-21 21:20:36,334 - mmdet - INFO - Epoch [2][1250/1581]	lr: 1.250e-03, eta: 6:57:05, time: 1.576, data_time: 0.022, memory: 5682, loss_cls: 0.3923, loss_bbox: 0.3563, loss: 0.7485
2021-04-21 21:21:54,432 - mmdet - INFO - Epoch [2][1300/1581]	lr: 1.250e-03, eta: 6:55:50, time: 1.562, data_time: 0.017, memory: 5682, loss_cls: 0.3991, loss_bbox: 0.3539, loss: 0.7530
2021-04-21 21:23:12,194 - mmdet - INFO - Epoch [2][1350/1581]	lr: 1.250e-03, eta: 6:54:34, time: 1.556, data_time: 0.017, memory: 5682, loss_cls: 0.4044, loss_bbox: 0.3678, loss: 0.7722
2021-04-21 21:24:30,613 - mmdet - INFO - Epoch [2][1400/1581]	lr: 1.250e-03, eta: 6:53:21, time: 1.565, data_time: 0.016, memory: 5682, loss_cls: 0.3729, loss_bbox: 0.3494, loss: 0.7223
2021-04-21 21:25:49,042 - mmdet - INFO - Epoch [2][1450/1581]	lr: 1.250e-03, eta: 6:52:08, time: 1.569, data_time: 0.019, memory: 5682, loss_cls: 0.3724, loss_bbox: 0.3308, loss: 0.7032
2021-04-21 21:27:08,268 - mmdet - INFO - Epoch [2][1500/1581]	lr: 1.250e-03, eta: 6:50:59, time: 1.586, data_time: 0.019, memory: 5682, loss_cls: 0.3815, loss_bbox: 0.3281, loss: 0.7096
2021-04-21 21:28:24,670 - mmdet - INFO - Epoch [2][1550/1581]	lr: 1.250e-03, eta: 6:49:36, time: 1.528, data_time: 0.017, memory: 5682, loss_cls: 0.3854, loss_bbox: 0.3468, loss: 0.7322
2021-04-21 21:29:04,556 - mmdet - INFO - Saving checkpoint at 2 epochs
2021-04-21 21:30:46,689 - mmdet - INFO - Evaluating bbox...
2021-04-21 21:30:56,660 - mmdet - INFO - Exp name: retinanet_r50_fpn_1x_coco.py
2021-04-21 21:30:56,660 - mmdet - INFO - Epoch(val) [2][1581]	bbox_mAP: 0.1410, bbox_mAP_50: 0.2910, bbox_mAP_75: 0.1180, bbox_mAP_s: 0.0020, bbox_mAP_m: 0.1530, bbox_mAP_l: 0.1410, bbox_mAP_copypaste: 0.141 0.291 0.118 0.002 0.153 0.141
2021-04-21 21:32:22,126 - mmdet - INFO - Epoch [3][50/1581]	lr: 1.250e-03, eta: 6:44:11, time: 1.702, data_time: 0.103, memory: 5682, loss_cls: 0.3600, loss_bbox: 0.3347, loss: 0.6946
2021-04-21 21:33:41,144 - mmdet - INFO - Epoch [3][100/1581]	lr: 1.250e-03, eta: 6:43:04, time: 1.580, data_time: 0.020, memory: 5682, loss_cls: 0.3615, loss_bbox: 0.3307, loss: 0.6922
2021-04-21 21:34:59,222 - mmdet - INFO - Epoch [3][150/1581]	lr: 1.250e-03, eta: 6:41:53, time: 1.565, data_time: 0.021, memory: 5682, loss_cls: 0.3851, loss_bbox: 0.3501, loss: 0.7351
2021-04-21 21:36:17,318 - mmdet - INFO - Epoch [3][200/1581]	lr: 1.250e-03, eta: 6:40:41, time: 1.560, data_time: 0.018, memory: 5682, loss_cls: 0.3966, loss_bbox: 0.3306, loss: 0.7272
2021-04-21 21:37:34,419 - mmdet - INFO - Epoch [3][250/1581]	lr: 1.250e-03, eta: 6:39:25, time: 1.545, data_time: 0.019, memory: 5682, loss_cls: 0.3759, loss_bbox: 0.3444, loss: 0.7204
2021-04-21 21:38:53,980 - mmdet - INFO - Epoch [3][300/1581]	lr: 1.250e-03, eta: 6:38:18, time: 1.587, data_time: 0.016, memory: 5682, loss_cls: 0.3877, loss_bbox: 0.3425, loss: 0.7302
2021-04-21 21:40:13,854 - mmdet - INFO - Epoch [3][350/1581]	lr: 1.250e-03, eta: 6:37:14, time: 1.598, data_time: 0.020, memory: 5682, loss_cls: 0.3859, loss_bbox: 0.3425, loss: 0.7285
2021-04-21 21:41:31,032 - mmdet - INFO - Epoch [3][400/1581]	lr: 1.250e-03, eta: 6:35:57, time: 1.545, data_time: 0.021, memory: 5682, loss_cls: 0.3504, loss_bbox: 0.3223, loss: 0.6727
2021-04-21 21:42:49,027 - mmdet - INFO - Epoch [3][450/1581]	lr: 1.250e-03, eta: 6:34:44, time: 1.560, data_time: 0.018, memory: 5682, loss_cls: 0.3624, loss_bbox: 0.3339, loss: 0.6963
2021-04-21 21:44:08,542 - mmdet - INFO - Epoch [3][500/1581]	lr: 1.250e-03, eta: 6:33:37, time: 1.593, data_time: 0.019, memory: 5682, loss_cls: 0.3547, loss_bbox: 0.3266, loss: 0.6813
2021-04-21 21:45:26,412 - mmdet - INFO - Epoch [3][550/1581]	lr: 1.250e-03, eta: 6:32:23, time: 1.557, data_time: 0.017, memory: 5682, loss_cls: 0.3507, loss_bbox: 0.3246, loss: 0.6754
2021-04-21 21:46:44,465 - mmdet - INFO - Epoch [3][600/1581]	lr: 1.250e-03, eta: 6:31:10, time: 1.561, data_time: 0.017, memory: 5682, loss_cls: 0.3506, loss_bbox: 0.3215, loss: 0.6720
2021-04-21 21:48:02,061 - mmdet - INFO - Epoch [3][650/1581]	lr: 1.250e-03, eta: 6:29:54, time: 1.550, data_time: 0.017, memory: 5682, loss_cls: 0.3533, loss_bbox: 0.3171, loss: 0.6703
2021-04-21 21:49:18,825 - mmdet - INFO - Epoch [3][700/1581]	lr: 1.250e-03, eta: 6:28:36, time: 1.538, data_time: 0.019, memory: 5682, loss_cls: 0.3373, loss_bbox: 0.3150, loss: 0.6523
2021-04-21 21:50:37,452 - mmdet - INFO - Epoch [3][750/1581]	lr: 1.250e-03, eta: 6:27:24, time: 1.570, data_time: 0.016, memory: 5682, loss_cls: 0.3479, loss_bbox: 0.3285, loss: 0.6763
2021-04-21 21:51:56,079 - mmdet - INFO - Epoch [3][800/1581]	lr: 1.250e-03, eta: 6:26:13, time: 1.575, data_time: 0.019, memory: 5682, loss_cls: 0.3526, loss_bbox: 0.3310, loss: 0.6835
2021-04-21 21:53:13,352 - mmdet - INFO - Epoch [3][850/1581]	lr: 1.250e-03, eta: 6:24:56, time: 1.545, data_time: 0.018, memory: 5682, loss_cls: 0.3431, loss_bbox: 0.3244, loss: 0.6676
2021-04-21 21:54:32,988 - mmdet - INFO - Epoch [3][900/1581]	lr: 1.250e-03, eta: 6:23:47, time: 1.590, data_time: 0.017, memory: 5682, loss_cls: 0.3528, loss_bbox: 0.3268, loss: 0.6796
2021-04-21 21:55:52,167 - mmdet - INFO - Epoch [3][950/1581]	lr: 1.250e-03, eta: 6:22:37, time: 1.584, data_time: 0.019, memory: 5682, loss_cls: 0.3395, loss_bbox: 0.3191, loss: 0.6587
2021-04-21 21:57:12,860 - mmdet - INFO - Epoch [3][1000/1581]	lr: 1.250e-03, eta: 6:21:32, time: 1.612, data_time: 0.018, memory: 5682, loss_cls: 0.4053, loss_bbox: 0.3356, loss: 0.7410
2021-04-21 21:58:31,833 - mmdet - INFO - Epoch [3][1050/1581]	lr: 1.250e-03, eta: 6:20:21, time: 1.582, data_time: 0.021, memory: 5682, loss_cls: 0.3365, loss_bbox: 0.3171, loss: 0.6536
2021-04-21 21:59:51,314 - mmdet - INFO - Epoch [3][1100/1581]	lr: 1.250e-03, eta: 6:19:11, time: 1.589, data_time: 0.017, memory: 5682, loss_cls: 0.3420, loss_bbox: 0.3162, loss: 0.6582
2021-04-21 22:01:16,148 - mmdet - INFO - Epoch [3][1150/1581]	lr: 1.250e-03, eta: 6:18:19, time: 1.699, data_time: 0.035, memory: 5682, loss_cls: 0.3254, loss_bbox: 0.3040, loss: 0.6293
2021-04-21 22:02:34,039 - mmdet - INFO - Epoch [3][1200/1581]	lr: 1.250e-03, eta: 6:17:03, time: 1.558, data_time: 0.016, memory: 5682, loss_cls: 0.3282, loss_bbox: 0.3124, loss: 0.6406
2021-04-21 22:03:51,318 - mmdet - INFO - Epoch [3][1250/1581]	lr: 1.250e-03, eta: 6:15:45, time: 1.544, data_time: 0.016, memory: 5682, loss_cls: 0.3466, loss_bbox: 0.3176, loss: 0.6642
2021-04-21 22:05:07,768 - mmdet - INFO - Epoch [3][1300/1581]	lr: 1.250e-03, eta: 6:14:25, time: 1.531, data_time: 0.018, memory: 5682, loss_cls: 0.3169, loss_bbox: 0.2958, loss: 0.6127
2021-04-21 22:06:26,429 - mmdet - INFO - Epoch [3][1350/1581]	lr: 1.250e-03, eta: 6:13:11, time: 1.569, data_time: 0.016, memory: 5682, loss_cls: 0.3449, loss_bbox: 0.3097, loss: 0.6546
2021-04-21 22:07:45,724 - mmdet - INFO - Epoch [3][1400/1581]	lr: 1.250e-03, eta: 6:12:00, time: 1.588, data_time: 0.021, memory: 5682, loss_cls: 0.3526, loss_bbox: 0.3269, loss: 0.6795
2021-04-21 22:09:05,064 - mmdet - INFO - Epoch [3][1450/1581]	lr: 1.250e-03, eta: 6:10:48, time: 1.588, data_time: 0.018, memory: 5682, loss_cls: 0.3319, loss_bbox: 0.3131, loss: 0.6450
2021-04-21 22:10:22,515 - mmdet - INFO - Epoch [3][1500/1581]	lr: 1.250e-03, eta: 6:09:31, time: 1.549, data_time: 0.017, memory: 5682, loss_cls: 0.3468, loss_bbox: 0.3259, loss: 0.6727
2021-04-21 22:11:37,028 - mmdet - INFO - Epoch [3][1550/1581]	lr: 1.250e-03, eta: 6:08:04, time: 1.490, data_time: 0.018, memory: 5682, loss_cls: 0.3063, loss_bbox: 0.2958, loss: 0.6021
2021-04-21 22:12:11,879 - mmdet - INFO - Saving checkpoint at 3 epochs
2021-04-21 22:13:49,115 - mmdet - INFO - Evaluating bbox...
2021-04-21 22:13:52,589 - mmdet - INFO - Exp name: retinanet_r50_fpn_1x_coco.py
2021-04-21 22:13:52,589 - mmdet - INFO - Epoch(val) [3][1581]	bbox_mAP: 0.1970, bbox_mAP_50: 0.3750, bbox_mAP_75: 0.1890, bbox_mAP_s: 0.0080, bbox_mAP_m: 0.1930, bbox_mAP_l: 0.2570, bbox_mAP_copypaste: 0.197 0.375 0.189 0.008 0.193 0.257
2021-04-21 22:15:12,465 - mmdet - INFO - Epoch [4][50/1581]	lr: 1.250e-03, eta: 6:03:43, time: 1.592, data_time: 0.065, memory: 5682, loss_cls: 0.3261, loss_bbox: 0.3094, loss: 0.6355
2021-04-21 22:16:31,932 - mmdet - INFO - Epoch [4][100/1581]	lr: 1.250e-03, eta: 6:02:34, time: 1.588, data_time: 0.019, memory: 5682, loss_cls: 0.3154, loss_bbox: 0.3099, loss: 0.6252
2021-04-21 22:17:50,125 - mmdet - INFO - Epoch [4][150/1581]	lr: 1.250e-03, eta: 6:01:20, time: 1.564, data_time: 0.019, memory: 5682, loss_cls: 0.3216, loss_bbox: 0.3095, loss: 0.6312
2021-04-21 22:19:08,026 - mmdet - INFO - Epoch [4][200/1581]	lr: 1.250e-03, eta: 6:00:06, time: 1.558, data_time: 0.020, memory: 5682, loss_cls: 0.3329, loss_bbox: 0.3089, loss: 0.6417
2021-04-21 22:20:26,009 - mmdet - INFO - Epoch [4][250/1581]	lr: 1.250e-03, eta: 5:58:52, time: 1.562, data_time: 0.019, memory: 5682, loss_cls: 0.3195, loss_bbox: 0.3011, loss: 0.6205
2021-04-21 22:21:43,792 - mmdet - INFO - Epoch [4][300/1581]	lr: 1.250e-03, eta: 5:57:37, time: 1.556, data_time: 0.017, memory: 5682, loss_cls: 0.3073, loss_bbox: 0.3026, loss: 0.6098
2021-04-21 22:23:00,915 - mmdet - INFO - Epoch [4][350/1581]	lr: 1.250e-03, eta: 5:56:20, time: 1.539, data_time: 0.017, memory: 5682, loss_cls: 0.3178, loss_bbox: 0.3037, loss: 0.6214
2021-04-21 22:24:20,795 - mmdet - INFO - Epoch [4][400/1581]	lr: 1.250e-03, eta: 5:55:10, time: 1.598, data_time: 0.021, memory: 5682, loss_cls: 0.3249, loss_bbox: 0.3046, loss: 0.6295
2021-04-21 22:25:39,054 - mmdet - INFO - Epoch [4][450/1581]	lr: 1.250e-03, eta: 5:53:57, time: 1.567, data_time: 0.020, memory: 5682, loss_cls: 0.3211, loss_bbox: 0.3082, loss: 0.6293
2021-04-21 22:26:57,598 - mmdet - INFO - Epoch [4][500/1581]	lr: 1.250e-03, eta: 5:52:43, time: 1.571, data_time: 0.020, memory: 5682, loss_cls: 0.3056, loss_bbox: 0.3070, loss: 0.6126
2021-04-21 22:28:15,616 - mmdet - INFO - Epoch [4][550/1581]	lr: 1.250e-03, eta: 5:51:29, time: 1.561, data_time: 0.020, memory: 5682, loss_cls: 0.2894, loss_bbox: 0.2800, loss: 0.5694
2021-04-21 22:29:35,084 - mmdet - INFO - Epoch [4][600/1581]	lr: 1.250e-03, eta: 5:50:18, time: 1.592, data_time: 0.026, memory: 5682, loss_cls: 0.3020, loss_bbox: 0.2932, loss: 0.5952
2021-04-21 22:30:52,287 - mmdet - INFO - Epoch [4][650/1581]	lr: 1.250e-03, eta: 5:49:01, time: 1.544, data_time: 0.027, memory: 5682, loss_cls: 0.3146, loss_bbox: 0.3085, loss: 0.6231
2021-04-21 22:32:11,093 - mmdet - INFO - Epoch [4][700/1581]	lr: 1.250e-03, eta: 5:47:48, time: 1.572, data_time: 0.016, memory: 5682, loss_cls: 0.3256, loss_bbox: 0.2955, loss: 0.6212
2021-04-21 22:33:29,289 - mmdet - INFO - Epoch [4][750/1581]	lr: 1.250e-03, eta: 5:46:34, time: 1.567, data_time: 0.021, memory: 5682, loss_cls: 0.3155, loss_bbox: 0.3085, loss: 0.6240
2021-04-21 22:34:47,647 - mmdet - INFO - Epoch [4][800/1581]	lr: 1.250e-03, eta: 5:45:20, time: 1.568, data_time: 0.018, memory: 5682, loss_cls: 0.3147, loss_bbox: 0.3061, loss: 0.6208
2021-04-21 22:36:06,250 - mmdet - INFO - Epoch [4][850/1581]	lr: 1.250e-03, eta: 5:44:05, time: 1.568, data_time: 0.016, memory: 5682, loss_cls: 0.2926, loss_bbox: 0.2896, loss: 0.5822
2021-04-21 22:37:24,419 - mmdet - INFO - Epoch [4][900/1581]	lr: 1.250e-03, eta: 5:42:51, time: 1.566, data_time: 0.020, memory: 5682, loss_cls: 0.3004, loss_bbox: 0.2914, loss: 0.5918
2021-04-21 22:38:42,913 - mmdet - INFO - Epoch [4][950/1581]	lr: 1.250e-03, eta: 5:41:37, time: 1.569, data_time: 0.019, memory: 5682, loss_cls: 0.2957, loss_bbox: 0.2911, loss: 0.5867
2021-04-21 22:39:59,955 - mmdet - INFO - Epoch [4][1000/1581]	lr: 1.250e-03, eta: 5:40:19, time: 1.541, data_time: 0.019, memory: 5682, loss_cls: 0.2990, loss_bbox: 0.3002, loss: 0.5992
2021-04-21 22:41:18,708 - mmdet - INFO - Epoch [4][1050/1581]	lr: 1.250e-03, eta: 5:39:06, time: 1.575, data_time: 0.019, memory: 5682, loss_cls: 0.2990, loss_bbox: 0.2915, loss: 0.5905
2021-04-21 22:42:36,949 - mmdet - INFO - Epoch [4][1100/1581]	lr: 1.250e-03, eta: 5:37:51, time: 1.565, data_time: 0.020, memory: 5682, loss_cls: 0.2814, loss_bbox: 0.2814, loss: 0.5628
2021-04-21 22:43:56,810 - mmdet - INFO - Epoch [4][1150/1581]	lr: 1.250e-03, eta: 5:36:40, time: 1.598, data_time: 0.019, memory: 5682, loss_cls: 0.3003, loss_bbox: 0.2997, loss: 0.6000
2021-04-21 22:45:14,284 - mmdet - INFO - Epoch [4][1200/1581]	lr: 1.250e-03, eta: 5:35:23, time: 1.550, data_time: 0.018, memory: 5682, loss_cls: 0.2877, loss_bbox: 0.2802, loss: 0.5679
2021-04-21 22:46:34,156 - mmdet - INFO - Epoch [4][1250/1581]	lr: 1.250e-03, eta: 5:34:11, time: 1.595, data_time: 0.017, memory: 5682, loss_cls: 0.2902, loss_bbox: 0.2927, loss: 0.5829
2021-04-21 22:47:51,707 - mmdet - INFO - Epoch [4][1300/1581]	lr: 1.250e-03, eta: 5:32:55, time: 1.553, data_time: 0.020, memory: 5682, loss_cls: 0.2914, loss_bbox: 0.2870, loss: 0.5785
2021-04-21 22:49:09,057 - mmdet - INFO - Epoch [4][1350/1581]	lr: 1.250e-03, eta: 5:31:38, time: 1.547, data_time: 0.017, memory: 5682, loss_cls: 0.2892, loss_bbox: 0.2831, loss: 0.5723
2021-04-21 22:50:28,299 - mmdet - INFO - Epoch [4][1400/1581]	lr: 1.250e-03, eta: 5:30:25, time: 1.582, data_time: 0.016, memory: 5682, loss_cls: 0.2779, loss_bbox: 0.2886, loss: 0.5665
2021-04-21 22:51:46,718 - mmdet - INFO - Epoch [4][1450/1581]	lr: 1.250e-03, eta: 5:29:10, time: 1.568, data_time: 0.019, memory: 5682, loss_cls: 0.2828, loss_bbox: 0.2853, loss: 0.5680
2021-04-21 22:53:04,281 - mmdet - INFO - Epoch [4][1500/1581]	lr: 1.250e-03, eta: 5:27:53, time: 1.554, data_time: 0.020, memory: 5682, loss_cls: 0.2973, loss_bbox: 0.2905, loss: 0.5878
2021-04-21 22:54:19,857 - mmdet - INFO - Epoch [4][1550/1581]	lr: 1.250e-03, eta: 5:26:33, time: 1.511, data_time: 0.016, memory: 5682, loss_cls: 0.2912, loss_bbox: 0.2928, loss: 0.5840
2021-04-21 22:54:57,292 - mmdet - INFO - Saving checkpoint at 4 epochs
2021-04-21 22:56:35,355 - mmdet - INFO - Evaluating bbox...
2021-04-21 22:56:38,514 - mmdet - INFO - Exp name: retinanet_r50_fpn_1x_coco.py
2021-04-21 22:56:38,514 - mmdet - INFO - Epoch(val) [4][1581]	bbox_mAP: 0.1960, bbox_mAP_50: 0.3720, bbox_mAP_75: 0.1840, bbox_mAP_s: 0.0090, bbox_mAP_m: 0.1980, bbox_mAP_l: 0.2610, bbox_mAP_copypaste: 0.196 0.372 0.184 0.009 0.198 0.261
2021-04-21 22:57:58,816 - mmdet - INFO - Epoch [5][50/1581]	lr: 1.250e-03, eta: 5:22:58, time: 1.600, data_time: 0.065, memory: 5682, loss_cls: 0.2792, loss_bbox: 0.2809, loss: 0.5600
2021-04-21 22:59:22,033 - mmdet - INFO - Epoch [5][100/1581]	lr: 1.250e-03, eta: 5:21:54, time: 1.667, data_time: 0.034, memory: 5682, loss_cls: 0.2803, loss_bbox: 0.2795, loss: 0.5598
2021-04-21 23:00:42,133 - mmdet - INFO - Epoch [5][150/1581]	lr: 1.250e-03, eta: 5:20:43, time: 1.600, data_time: 0.018, memory: 5682, loss_cls: 0.2770, loss_bbox: 0.2823, loss: 0.5593
2021-04-21 23:02:00,136 - mmdet - INFO - Epoch [5][200/1581]	lr: 1.250e-03, eta: 5:19:28, time: 1.561, data_time: 0.019, memory: 5682, loss_cls: 0.2560, loss_bbox: 0.2727, loss: 0.5287
2021-04-21 23:03:18,186 - mmdet - INFO - Epoch [5][250/1581]	lr: 1.250e-03, eta: 5:18:12, time: 1.558, data_time: 0.017, memory: 5682, loss_cls: 0.2677, loss_bbox: 0.2709, loss: 0.5385
2021-04-21 23:04:35,201 - mmdet - INFO - Epoch [5][300/1581]	lr: 1.250e-03, eta: 5:16:56, time: 1.541, data_time: 0.021, memory: 5682, loss_cls: 0.2695, loss_bbox: 0.2679, loss: 0.5374
2021-04-21 23:05:53,230 - mmdet - INFO - Epoch [5][350/1581]	lr: 1.250e-03, eta: 5:15:40, time: 1.561, data_time: 0.019, memory: 5682, loss_cls: 0.2701, loss_bbox: 0.2816, loss: 0.5517
2021-04-21 23:07:11,658 - mmdet - INFO - Epoch [5][400/1581]	lr: 1.250e-03, eta: 5:14:26, time: 1.571, data_time: 0.019, memory: 5682, loss_cls: 0.2728, loss_bbox: 0.2878, loss: 0.5606
2021-04-21 23:08:30,157 - mmdet - INFO - Epoch [5][450/1581]	lr: 1.250e-03, eta: 5:13:12, time: 1.567, data_time: 0.016, memory: 5682, loss_cls: 0.2618, loss_bbox: 0.2678, loss: 0.5296
2021-04-21 23:09:48,009 - mmdet - INFO - Epoch [5][500/1581]	lr: 1.250e-03, eta: 5:11:56, time: 1.558, data_time: 0.020, memory: 5682, loss_cls: 0.2682, loss_bbox: 0.2780, loss: 0.5461
2021-04-21 23:11:07,551 - mmdet - INFO - Epoch [5][550/1581]	lr: 1.250e-03, eta: 5:10:43, time: 1.591, data_time: 0.019, memory: 5682, loss_cls: 0.2735, loss_bbox: 0.2799, loss: 0.5534
2021-04-21 23:12:26,265 - mmdet - INFO - Epoch [5][600/1581]	lr: 1.250e-03, eta: 5:09:30, time: 1.577, data_time: 0.020, memory: 5682, loss_cls: 0.2609, loss_bbox: 0.2887, loss: 0.5496
2021-04-21 23:13:44,023 - mmdet - INFO - Epoch [5][650/1581]	lr: 1.250e-03, eta: 5:08:14, time: 1.555, data_time: 0.017, memory: 5682, loss_cls: 0.2636, loss_bbox: 0.2648, loss: 0.5284
2021-04-21 23:15:04,383 - mmdet - INFO - Epoch [5][700/1581]	lr: 1.250e-03, eta: 5:07:02, time: 1.605, data_time: 0.016, memory: 5682, loss_cls: 0.2615, loss_bbox: 0.2750, loss: 0.5365
2021-04-21 23:16:22,786 - mmdet - INFO - Epoch [5][750/1581]	lr: 1.250e-03, eta: 5:05:47, time: 1.569, data_time: 0.020, memory: 5682, loss_cls: 0.2589, loss_bbox: 0.2780, loss: 0.5369
2021-04-21 23:17:42,238 - mmdet - INFO - Epoch [5][800/1581]	lr: 1.250e-03, eta: 5:04:34, time: 1.591, data_time: 0.018, memory: 5682, loss_cls: 0.2570, loss_bbox: 0.2767, loss: 0.5337
2021-04-21 23:18:59,650 - mmdet - INFO - Epoch [5][850/1581]	lr: 1.250e-03, eta: 5:03:17, time: 1.546, data_time: 0.016, memory: 5682, loss_cls: 0.2631, loss_bbox: 0.2679, loss: 0.5310
2021-04-21 23:20:18,108 - mmdet - INFO - Epoch [5][900/1581]	lr: 1.250e-03, eta: 5:02:02, time: 1.569, data_time: 0.020, memory: 5682, loss_cls: 0.2593, loss_bbox: 0.2738, loss: 0.5330
2021-04-21 23:21:36,564 - mmdet - INFO - Epoch [5][950/1581]	lr: 1.250e-03, eta: 5:00:47, time: 1.572, data_time: 0.019, memory: 5682, loss_cls: 0.2833, loss_bbox: 0.2944, loss: 0.5777
2021-04-21 23:22:54,092 - mmdet - INFO - Epoch [5][1000/1581]	lr: 1.250e-03, eta: 4:59:31, time: 1.548, data_time: 0.017, memory: 5682, loss_cls: 0.2539, loss_bbox: 0.2668, loss: 0.5207
2021-04-21 23:24:11,611 - mmdet - INFO - Epoch [5][1050/1581]	lr: 1.250e-03, eta: 4:58:14, time: 1.551, data_time: 0.019, memory: 5682, loss_cls: 0.2696, loss_bbox: 0.2874, loss: 0.5570
2021-04-21 23:25:31,257 - mmdet - INFO - Epoch [5][1100/1581]	lr: 1.250e-03, eta: 4:57:01, time: 1.592, data_time: 0.018, memory: 5682, loss_cls: 0.2543, loss_bbox: 0.2696, loss: 0.5240
2021-04-21 23:26:50,360 - mmdet - INFO - Epoch [5][1150/1581]	lr: 1.250e-03, eta: 4:55:47, time: 1.585, data_time: 0.019, memory: 5682, loss_cls: 0.2565, loss_bbox: 0.2678, loss: 0.5243
2021-04-21 23:28:08,856 - mmdet - INFO - Epoch [5][1200/1581]	lr: 1.250e-03, eta: 4:54:32, time: 1.570, data_time: 0.027, memory: 5682, loss_cls: 0.2661, loss_bbox: 0.2746, loss: 0.5407
2021-04-21 23:29:23,009 - mmdet - INFO - Epoch [5][1250/1581]	lr: 1.250e-03, eta: 4:53:10, time: 1.483, data_time: 0.024, memory: 5682, loss_cls: 0.2460, loss_bbox: 0.2589, loss: 0.5049
2021-04-21 23:30:41,030 - mmdet - INFO - Epoch [5][1300/1581]	lr: 1.250e-03, eta: 4:51:54, time: 1.558, data_time: 0.016, memory: 5682, loss_cls: 0.2611, loss_bbox: 0.2644, loss: 0.5255
2021-04-21 23:31:59,589 - mmdet - INFO - Epoch [5][1350/1581]	lr: 1.250e-03, eta: 4:50:39, time: 1.572, data_time: 0.019, memory: 5682, loss_cls: 0.2599, loss_bbox: 0.2738, loss: 0.5337
2021-04-21 23:33:17,484 - mmdet - INFO - Epoch [5][1400/1581]	lr: 1.250e-03, eta: 4:49:23, time: 1.559, data_time: 0.018, memory: 5682, loss_cls: 0.2678, loss_bbox: 0.2846, loss: 0.5524
2021-04-21 23:34:35,846 - mmdet - INFO - Epoch [5][1450/1581]	lr: 1.250e-03, eta: 4:48:07, time: 1.567, data_time: 0.017, memory: 5682, loss_cls: 0.2609, loss_bbox: 0.2824, loss: 0.5433
2021-04-21 23:35:56,142 - mmdet - INFO - Epoch [5][1500/1581]	lr: 1.250e-03, eta: 4:46:54, time: 1.604, data_time: 0.017, memory: 5682, loss_cls: 0.2513, loss_bbox: 0.2640, loss: 0.5154
2021-04-21 23:37:11,180 - mmdet - INFO - Epoch [5][1550/1581]	lr: 1.250e-03, eta: 4:45:34, time: 1.502, data_time: 0.020, memory: 5682, loss_cls: 0.2769, loss_bbox: 0.2750, loss: 0.5519
2021-04-21 23:37:48,974 - mmdet - INFO - Saving checkpoint at 5 epochs
2021-04-21 23:39:24,561 - mmdet - INFO - Evaluating bbox...
2021-04-21 23:39:27,356 - mmdet - INFO - Exp name: retinanet_r50_fpn_1x_coco.py
2021-04-21 23:39:27,357 - mmdet - INFO - Epoch(val) [5][1581]	bbox_mAP: 0.2630, bbox_mAP_50: 0.4800, bbox_mAP_75: 0.2820, bbox_mAP_s: 0.0110, bbox_mAP_m: 0.2530, bbox_mAP_l: 0.3640, bbox_mAP_copypaste: 0.263 0.480 0.282 0.011 0.253 0.364
2021-04-21 23:40:47,551 - mmdet - INFO - Epoch [6][50/1581]	lr: 1.250e-03, eta: 4:42:27, time: 1.601, data_time: 0.066, memory: 5682, loss_cls: 0.2604, loss_bbox: 0.2687, loss: 0.5291
2021-04-21 23:42:06,063 - mmdet - INFO - Epoch [6][100/1581]	lr: 1.250e-03, eta: 4:41:12, time: 1.567, data_time: 0.017, memory: 5682, loss_cls: 0.2692, loss_bbox: 0.2800, loss: 0.5492
2021-04-21 23:43:23,775 - mmdet - INFO - Epoch [6][150/1581]	lr: 1.250e-03, eta: 4:39:56, time: 1.555, data_time: 0.019, memory: 5682, loss_cls: 0.2422, loss_bbox: 0.2609, loss: 0.5031
2021-04-21 23:44:42,010 - mmdet - INFO - Epoch [6][200/1581]	lr: 1.250e-03, eta: 4:38:41, time: 1.567, data_time: 0.019, memory: 5682, loss_cls: 0.2569, loss_bbox: 0.2734, loss: 0.5303
2021-04-21 23:46:00,733 - mmdet - INFO - Epoch [6][250/1581]	lr: 1.250e-03, eta: 4:37:26, time: 1.572, data_time: 0.017, memory: 5682, loss_cls: 0.2418, loss_bbox: 0.2562, loss: 0.4980
2021-04-21 23:47:19,556 - mmdet - INFO - Epoch [6][300/1581]	lr: 1.250e-03, eta: 4:36:12, time: 1.576, data_time: 0.019, memory: 5682, loss_cls: 0.2472, loss_bbox: 0.2693, loss: 0.5165
2021-04-21 23:48:37,207 - mmdet - INFO - Epoch [6][350/1581]	lr: 1.250e-03, eta: 4:34:56, time: 1.552, data_time: 0.019, memory: 5682, loss_cls: 0.2261, loss_bbox: 0.2468, loss: 0.4729
2021-04-21 23:49:56,314 - mmdet - INFO - Epoch [6][400/1581]	lr: 1.250e-03, eta: 4:33:42, time: 1.586, data_time: 0.020, memory: 5682, loss_cls: 0.2396, loss_bbox: 0.2629, loss: 0.5025
2021-04-21 23:51:15,223 - mmdet - INFO - Epoch [6][450/1581]	lr: 1.250e-03, eta: 4:32:27, time: 1.577, data_time: 0.017, memory: 5682, loss_cls: 0.2450, loss_bbox: 0.2623, loss: 0.5073
2021-04-21 23:52:35,022 - mmdet - INFO - Epoch [6][500/1581]	lr: 1.250e-03, eta: 4:31:14, time: 1.594, data_time: 0.017, memory: 5682, loss_cls: 0.2511, loss_bbox: 0.2706, loss: 0.5217
2021-04-21 23:53:52,493 - mmdet - INFO - Epoch [6][550/1581]	lr: 1.250e-03, eta: 4:29:57, time: 1.550, data_time: 0.019, memory: 5682, loss_cls: 0.2397, loss_bbox: 0.2580, loss: 0.4978
2021-04-21 23:55:10,891 - mmdet - INFO - Epoch [6][600/1581]	lr: 1.250e-03, eta: 4:28:42, time: 1.566, data_time: 0.019, memory: 5682, loss_cls: 0.2234, loss_bbox: 0.2438, loss: 0.4672
2021-04-21 23:56:29,650 - mmdet - INFO - Epoch [6][650/1581]	lr: 1.250e-03, eta: 4:27:27, time: 1.576, data_time: 0.021, memory: 5682, loss_cls: 0.2585, loss_bbox: 0.2746, loss: 0.5330
2021-04-21 23:57:52,152 - mmdet - INFO - Epoch [6][700/1581]	lr: 1.250e-03, eta: 4:26:17, time: 1.653, data_time: 0.035, memory: 5682, loss_cls: 0.2142, loss_bbox: 0.2456, loss: 0.4598
2021-04-21 23:59:10,619 - mmdet - INFO - Epoch [6][750/1581]	lr: 1.250e-03, eta: 4:25:01, time: 1.566, data_time: 0.018, memory: 5682, loss_cls: 0.2416, loss_bbox: 0.2578, loss: 0.4994
2021-04-22 00:00:28,866 - mmdet - INFO - Epoch [6][800/1581]	lr: 1.250e-03, eta: 4:23:45, time: 1.565, data_time: 0.021, memory: 5682, loss_cls: 0.2411, loss_bbox: 0.2647, loss: 0.5058
2021-04-22 00:01:46,304 - mmdet - INFO - Epoch [6][850/1581]	lr: 1.250e-03, eta: 4:22:29, time: 1.549, data_time: 0.020, memory: 5682, loss_cls: 0.2519, loss_bbox: 0.2700, loss: 0.5220
2021-04-22 00:03:06,641 - mmdet - INFO - Epoch [6][900/1581]	lr: 1.250e-03, eta: 4:21:15, time: 1.606, data_time: 0.019, memory: 5682, loss_cls: 0.2281, loss_bbox: 0.2593, loss: 0.4875
2021-04-22 00:04:24,118 - mmdet - INFO - Epoch [6][950/1581]	lr: 1.250e-03, eta: 4:19:59, time: 1.550, data_time: 0.020, memory: 5682, loss_cls: 0.2268, loss_bbox: 0.2465, loss: 0.4733
2021-04-22 00:05:41,231 - mmdet - INFO - Epoch [6][1000/1581]	lr: 1.250e-03, eta: 4:18:42, time: 1.545, data_time: 0.020, memory: 5682, loss_cls: 0.2108, loss_bbox: 0.2399, loss: 0.4507
2021-04-22 00:06:59,181 - mmdet - INFO - Epoch [6][1050/1581]	lr: 1.250e-03, eta: 4:17:26, time: 1.557, data_time: 0.018, memory: 5682, loss_cls: 0.2291, loss_bbox: 0.2581, loss: 0.4871
2021-04-22 00:08:17,655 - mmdet - INFO - Epoch [6][1100/1581]	lr: 1.250e-03, eta: 4:16:10, time: 1.569, data_time: 0.019, memory: 5682, loss_cls: 0.2363, loss_bbox: 0.2582, loss: 0.4944
2021-04-22 00:09:36,211 - mmdet - INFO - Epoch [6][1150/1581]	lr: 1.250e-03, eta: 4:14:55, time: 1.572, data_time: 0.020, memory: 5682, loss_cls: 0.2426, loss_bbox: 0.2629, loss: 0.5055
2021-04-22 00:10:54,661 - mmdet - INFO - Epoch [6][1200/1581]	lr: 1.250e-03, eta: 4:13:39, time: 1.568, data_time: 0.018, memory: 5682, loss_cls: 0.2411, loss_bbox: 0.2496, loss: 0.4906
2021-04-22 00:12:14,913 - mmdet - INFO - Epoch [6][1250/1581]	lr: 1.250e-03, eta: 4:12:25, time: 1.607, data_time: 0.020, memory: 5682, loss_cls: 0.2527, loss_bbox: 0.2661, loss: 0.5188
2021-04-22 00:13:34,909 - mmdet - INFO - Epoch [6][1300/1581]	lr: 1.250e-03, eta: 4:11:11, time: 1.600, data_time: 0.017, memory: 5682, loss_cls: 0.2344, loss_bbox: 0.2578, loss: 0.4922
2021-04-22 00:14:54,084 - mmdet - INFO - Epoch [6][1350/1581]	lr: 1.250e-03, eta: 4:09:56, time: 1.580, data_time: 0.018, memory: 5682, loss_cls: 0.2200, loss_bbox: 0.2539, loss: 0.4739
2021-04-22 00:16:11,645 - mmdet - INFO - Epoch [6][1400/1581]	lr: 1.250e-03, eta: 4:08:39, time: 1.553, data_time: 0.021, memory: 5682, loss_cls: 0.2240, loss_bbox: 0.2572, loss: 0.4812
2021-04-22 00:17:30,513 - mmdet - INFO - Epoch [6][1450/1581]	lr: 1.250e-03, eta: 4:07:24, time: 1.576, data_time: 0.019, memory: 5682, loss_cls: 0.2266, loss_bbox: 0.2536, loss: 0.4802
2021-04-22 00:18:49,326 - mmdet - INFO - Epoch [6][1500/1581]	lr: 1.250e-03, eta: 4:06:08, time: 1.577, data_time: 0.021, memory: 5682, loss_cls: 0.2361, loss_bbox: 0.2536, loss: 0.4897
2021-04-22 00:20:06,507 - mmdet - INFO - Epoch [6][1550/1581]	lr: 1.250e-03, eta: 4:04:51, time: 1.546, data_time: 0.020, memory: 5682, loss_cls: 0.2281, loss_bbox: 0.2390, loss: 0.4671
2021-04-22 00:20:42,021 - mmdet - INFO - Saving checkpoint at 6 epochs
2021-04-22 00:22:20,369 - mmdet - INFO - Evaluating bbox...
2021-04-22 00:22:22,988 - mmdet - INFO - Exp name: retinanet_r50_fpn_1x_coco.py
2021-04-22 00:22:22,989 - mmdet - INFO - Epoch(val) [6][1581]	bbox_mAP: 0.2880, bbox_mAP_50: 0.5060, bbox_mAP_75: 0.3020, bbox_mAP_s: 0.0130, bbox_mAP_m: 0.2660, bbox_mAP_l: 0.3910, bbox_mAP_copypaste: 0.288 0.506 0.302 0.013 0.266 0.391
2021-04-22 00:23:43,086 - mmdet - INFO - Epoch [7][50/1581]	lr: 1.250e-03, eta: 4:02:01, time: 1.596, data_time: 0.067, memory: 5682, loss_cls: 0.2195, loss_bbox: 0.2396, loss: 0.4590
2021-04-22 00:24:59,130 - mmdet - INFO - Epoch [7][100/1581]	lr: 1.250e-03, eta: 4:00:44, time: 1.523, data_time: 0.020, memory: 5682, loss_cls: 0.2052, loss_bbox: 0.2454, loss: 0.4506
2021-04-22 00:26:15,353 - mmdet - INFO - Epoch [7][150/1581]	lr: 1.250e-03, eta: 3:59:26, time: 1.522, data_time: 0.022, memory: 5682, loss_cls: 0.2276, loss_bbox: 0.2561, loss: 0.4837
2021-04-22 00:27:33,970 - mmdet - INFO - Epoch [7][200/1581]	lr: 1.250e-03, eta: 3:58:11, time: 1.574, data_time: 0.034, memory: 5682, loss_cls: 0.2067, loss_bbox: 0.2427, loss: 0.4493
2021-04-22 00:28:53,597 - mmdet - INFO - Epoch [7][250/1581]	lr: 1.250e-03, eta: 3:56:56, time: 1.592, data_time: 0.018, memory: 5682, loss_cls: 0.2182, loss_bbox: 0.2508, loss: 0.4690
2021-04-22 00:30:12,341 - mmdet - INFO - Epoch [7][300/1581]	lr: 1.250e-03, eta: 3:55:41, time: 1.573, data_time: 0.019, memory: 5682, loss_cls: 0.2214, loss_bbox: 0.2534, loss: 0.4748
2021-04-22 00:31:30,397 - mmdet - INFO - Epoch [7][350/1581]	lr: 1.250e-03, eta: 3:54:25, time: 1.564, data_time: 0.020, memory: 5682, loss_cls: 0.2346, loss_bbox: 0.2666, loss: 0.5011
2021-04-22 00:32:47,003 - mmdet - INFO - Epoch [7][400/1581]	lr: 1.250e-03, eta: 3:53:08, time: 1.530, data_time: 0.018, memory: 5682, loss_cls: 0.2329, loss_bbox: 0.2554, loss: 0.4883
2021-04-22 00:34:05,063 - mmdet - INFO - Epoch [7][450/1581]	lr: 1.250e-03, eta: 3:51:52, time: 1.563, data_time: 0.020, memory: 5682, loss_cls: 0.2187, loss_bbox: 0.2368, loss: 0.4555
2021-04-22 00:35:24,605 - mmdet - INFO - Epoch [7][500/1581]	lr: 1.250e-03, eta: 3:50:37, time: 1.589, data_time: 0.018, memory: 5682, loss_cls: 0.2303, loss_bbox: 0.2578, loss: 0.4881
2021-04-22 00:36:42,745 - mmdet - INFO - Epoch [7][550/1581]	lr: 1.250e-03, eta: 3:49:21, time: 1.563, data_time: 0.020, memory: 5682, loss_cls: 0.2147, loss_bbox: 0.2396, loss: 0.4543
2021-04-22 00:38:01,485 - mmdet - INFO - Epoch [7][600/1581]	lr: 1.250e-03, eta: 3:48:06, time: 1.577, data_time: 0.019, memory: 5682, loss_cls: 0.2188, loss_bbox: 0.2492, loss: 0.4680
2021-04-22 00:39:19,749 - mmdet - INFO - Epoch [7][650/1581]	lr: 1.250e-03, eta: 3:46:50, time: 1.564, data_time: 0.018, memory: 5682, loss_cls: 0.2269, loss_bbox: 0.2493, loss: 0.4762
2021-04-22 00:40:38,476 - mmdet - INFO - Epoch [7][700/1581]	lr: 1.250e-03, eta: 3:45:34, time: 1.573, data_time: 0.019, memory: 5682, loss_cls: 0.2046, loss_bbox: 0.2443, loss: 0.4490
2021-04-22 00:41:54,401 - mmdet - INFO - Epoch [7][750/1581]	lr: 1.250e-03, eta: 3:44:16, time: 1.521, data_time: 0.019, memory: 5682, loss_cls: 0.2014, loss_bbox: 0.2360, loss: 0.4374
2021-04-22 00:43:14,982 - mmdet - INFO - Epoch [7][800/1581]	lr: 1.250e-03, eta: 3:43:02, time: 1.610, data_time: 0.018, memory: 5682, loss_cls: 0.2127, loss_bbox: 0.2424, loss: 0.4551
2021-04-22 00:44:32,805 - mmdet - INFO - Epoch [7][850/1581]	lr: 1.250e-03, eta: 3:41:46, time: 1.555, data_time: 0.019, memory: 5682, loss_cls: 0.2142, loss_bbox: 0.2428, loss: 0.4570
2021-04-22 00:45:51,418 - mmdet - INFO - Epoch [7][900/1581]	lr: 1.250e-03, eta: 3:40:30, time: 1.574, data_time: 0.019, memory: 5682, loss_cls: 0.2201, loss_bbox: 0.2418, loss: 0.4619
2021-04-22 00:47:10,531 - mmdet - INFO - Epoch [7][950/1581]	lr: 1.250e-03, eta: 3:39:15, time: 1.581, data_time: 0.018, memory: 5682, loss_cls: 0.2104, loss_bbox: 0.2473, loss: 0.4577
2021-04-22 00:48:28,111 - mmdet - INFO - Epoch [7][1000/1581]	lr: 1.250e-03, eta: 3:37:58, time: 1.553, data_time: 0.020, memory: 5682, loss_cls: 0.2242, loss_bbox: 0.2514, loss: 0.4756
2021-04-22 00:49:47,116 - mmdet - INFO - Epoch [7][1050/1581]	lr: 1.250e-03, eta: 3:36:42, time: 1.579, data_time: 0.018, memory: 5682, loss_cls: 0.2267, loss_bbox: 0.2624, loss: 0.4891
2021-04-22 00:51:05,570 - mmdet - INFO - Epoch [7][1100/1581]	lr: 1.250e-03, eta: 3:35:27, time: 1.570, data_time: 0.019, memory: 5682, loss_cls: 0.2049, loss_bbox: 0.2421, loss: 0.4470
2021-04-22 00:52:23,869 - mmdet - INFO - Epoch [7][1150/1581]	lr: 1.250e-03, eta: 3:34:10, time: 1.562, data_time: 0.019, memory: 5682, loss_cls: 0.2192, loss_bbox: 0.2541, loss: 0.4733
2021-04-22 00:53:41,915 - mmdet - INFO - Epoch [7][1200/1581]	lr: 1.250e-03, eta: 3:32:54, time: 1.563, data_time: 0.022, memory: 5682, loss_cls: 0.2124, loss_bbox: 0.2476, loss: 0.4601
2021-04-22 00:54:59,663 - mmdet - INFO - Epoch [7][1250/1581]	lr: 1.250e-03, eta: 3:31:38, time: 1.557, data_time: 0.020, memory: 5682, loss_cls: 0.2208, loss_bbox: 0.2439, loss: 0.4647
2021-04-22 00:56:18,591 - mmdet - INFO - Epoch [7][1300/1581]	lr: 1.250e-03, eta: 3:30:22, time: 1.579, data_time: 0.034, memory: 5682, loss_cls: 0.2060, loss_bbox: 0.2422, loss: 0.4482
2021-04-22 00:57:38,653 - mmdet - INFO - Epoch [7][1350/1581]	lr: 1.250e-03, eta: 3:29:07, time: 1.598, data_time: 0.017, memory: 5682, loss_cls: 0.2202, loss_bbox: 0.2511, loss: 0.4713
2021-04-22 00:58:56,301 - mmdet - INFO - Epoch [7][1400/1581]	lr: 1.250e-03, eta: 3:27:50, time: 1.556, data_time: 0.020, memory: 5682, loss_cls: 0.2058, loss_bbox: 0.2476, loss: 0.4534
2021-04-22 01:00:15,124 - mmdet - INFO - Epoch [7][1450/1581]	lr: 1.250e-03, eta: 3:26:34, time: 1.575, data_time: 0.017, memory: 5682, loss_cls: 0.2141, loss_bbox: 0.2469, loss: 0.4609
2021-04-22 01:01:32,152 - mmdet - INFO - Epoch [7][1500/1581]	lr: 1.250e-03, eta: 3:25:17, time: 1.542, data_time: 0.019, memory: 5682, loss_cls: 0.2171, loss_bbox: 0.2391, loss: 0.4561
2021-04-22 01:02:50,489 - mmdet - INFO - Epoch [7][1550/1581]	lr: 1.250e-03, eta: 3:24:01, time: 1.565, data_time: 0.017, memory: 5682, loss_cls: 0.2134, loss_bbox: 0.2421, loss: 0.4555
2021-04-22 01:03:30,647 - mmdet - INFO - Saving checkpoint at 7 epochs
2021-04-22 01:05:09,303 - mmdet - INFO - Evaluating bbox...
2021-04-22 01:05:11,661 - mmdet - INFO - Exp name: retinanet_r50_fpn_1x_coco.py
2021-04-22 01:05:11,662 - mmdet - INFO - Epoch(val) [7][1581]	bbox_mAP: 0.3180, bbox_mAP_50: 0.5460, bbox_mAP_75: 0.3370, bbox_mAP_s: 0.0180, bbox_mAP_m: 0.2760, bbox_mAP_l: 0.4510, bbox_mAP_copypaste: 0.318 0.546 0.337 0.018 0.276 0.451
2021-04-22 01:06:32,765 - mmdet - INFO - Epoch [8][50/1581]	lr: 1.250e-03, eta: 3:21:25, time: 1.616, data_time: 0.066, memory: 5682, loss_cls: 0.1973, loss_bbox: 0.2382, loss: 0.4355
2021-04-22 01:07:50,953 - mmdet - INFO - Epoch [8][100/1581]	lr: 1.250e-03, eta: 3:20:09, time: 1.566, data_time: 0.020, memory: 5682, loss_cls: 0.1905, loss_bbox: 0.2292, loss: 0.4198
2021-04-22 01:09:07,136 - mmdet - INFO - Epoch [8][150/1581]	lr: 1.250e-03, eta: 3:18:51, time: 1.524, data_time: 0.018, memory: 5682, loss_cls: 0.1887, loss_bbox: 0.2326, loss: 0.4213
2021-04-22 01:10:25,232 - mmdet - INFO - Epoch [8][200/1581]	lr: 1.250e-03, eta: 3:17:35, time: 1.563, data_time: 0.018, memory: 5682, loss_cls: 0.2027, loss_bbox: 0.2393, loss: 0.4421
2021-04-22 01:11:44,279 - mmdet - INFO - Epoch [8][250/1581]	lr: 1.250e-03, eta: 3:16:20, time: 1.578, data_time: 0.017, memory: 5682, loss_cls: 0.2020, loss_bbox: 0.2354, loss: 0.4374
2021-04-22 01:13:03,731 - mmdet - INFO - Epoch [8][300/1581]	lr: 1.250e-03, eta: 3:15:04, time: 1.589, data_time: 0.019, memory: 5682, loss_cls: 0.1987, loss_bbox: 0.2360, loss: 0.4348
2021-04-22 01:14:22,771 - mmdet - INFO - Epoch [8][350/1581]	lr: 1.250e-03, eta: 3:13:49, time: 1.583, data_time: 0.019, memory: 5682, loss_cls: 0.1976, loss_bbox: 0.2398, loss: 0.4375
2021-04-22 01:15:41,182 - mmdet - INFO - Epoch [8][400/1581]	lr: 1.250e-03, eta: 3:12:33, time: 1.566, data_time: 0.016, memory: 5682, loss_cls: 0.1930, loss_bbox: 0.2348, loss: 0.4278
2021-04-22 01:16:59,634 - mmdet - INFO - Epoch [8][450/1581]	lr: 1.250e-03, eta: 3:11:17, time: 1.570, data_time: 0.019, memory: 5682, loss_cls: 0.1959, loss_bbox: 0.2329, loss: 0.4288
2021-04-22 01:18:18,078 - mmdet - INFO - Epoch [8][500/1581]	lr: 1.250e-03, eta: 3:10:01, time: 1.570, data_time: 0.018, memory: 5682, loss_cls: 0.1947, loss_bbox: 0.2311, loss: 0.4258
2021-04-22 01:19:36,926 - mmdet - INFO - Epoch [8][550/1581]	lr: 1.250e-03, eta: 3:08:45, time: 1.574, data_time: 0.018, memory: 5682, loss_cls: 0.1987, loss_bbox: 0.2322, loss: 0.4308
2021-04-22 01:20:54,959 - mmdet - INFO - Epoch [8][600/1581]	lr: 1.250e-03, eta: 3:07:29, time: 1.562, data_time: 0.019, memory: 5682, loss_cls: 0.2055, loss_bbox: 0.2359, loss: 0.4414
2021-04-22 01:22:10,965 - mmdet - INFO - Epoch [8][650/1581]	lr: 1.250e-03, eta: 3:06:11, time: 1.518, data_time: 0.017, memory: 5682, loss_cls: 0.1860, loss_bbox: 0.2284, loss: 0.4144
2021-04-22 01:23:29,627 - mmdet - INFO - Epoch [8][700/1581]	lr: 1.250e-03, eta: 3:04:55, time: 1.575, data_time: 0.020, memory: 5682, loss_cls: 0.2073, loss_bbox: 0.2370, loss: 0.4443
2021-04-22 01:24:49,187 - mmdet - INFO - Epoch [8][750/1581]	lr: 1.250e-03, eta: 3:03:40, time: 1.593, data_time: 0.030, memory: 5682, loss_cls: 0.2034, loss_bbox: 0.2385, loss: 0.4419
2021-04-22 01:26:08,295 - mmdet - INFO - Epoch [8][800/1581]	lr: 1.250e-03, eta: 3:02:24, time: 1.579, data_time: 0.026, memory: 5682, loss_cls: 0.1802, loss_bbox: 0.2208, loss: 0.4010
2021-04-22 01:27:26,326 - mmdet - INFO - Epoch [8][850/1581]	lr: 1.250e-03, eta: 3:01:07, time: 1.563, data_time: 0.020, memory: 5682, loss_cls: 0.2033, loss_bbox: 0.2382, loss: 0.4415
2021-04-22 01:28:44,589 - mmdet - INFO - Epoch [8][900/1581]	lr: 1.250e-03, eta: 2:59:51, time: 1.564, data_time: 0.018, memory: 5682, loss_cls: 0.1971, loss_bbox: 0.2362, loss: 0.4333
2021-04-22 01:30:02,955 - mmdet - INFO - Epoch [8][950/1581]	lr: 1.250e-03, eta: 2:58:35, time: 1.570, data_time: 0.020, memory: 5682, loss_cls: 0.2143, loss_bbox: 0.2526, loss: 0.4670
2021-04-22 01:31:21,364 - mmdet - INFO - Epoch [8][1000/1581]	lr: 1.250e-03, eta: 2:57:19, time: 1.567, data_time: 0.017, memory: 5682, loss_cls: 0.2078, loss_bbox: 0.2424, loss: 0.4502
2021-04-22 01:32:40,513 - mmdet - INFO - Epoch [8][1050/1581]	lr: 1.250e-03, eta: 2:56:03, time: 1.582, data_time: 0.018, memory: 5682, loss_cls: 0.1795, loss_bbox: 0.2224, loss: 0.4019
2021-04-22 01:33:58,549 - mmdet - INFO - Epoch [8][1100/1581]	lr: 1.250e-03, eta: 2:54:46, time: 1.561, data_time: 0.019, memory: 5682, loss_cls: 0.2158, loss_bbox: 0.2447, loss: 0.4606
2021-04-22 01:35:17,360 - mmdet - INFO - Epoch [8][1150/1581]	lr: 1.250e-03, eta: 2:53:30, time: 1.577, data_time: 0.019, memory: 5682, loss_cls: 0.2002, loss_bbox: 0.2382, loss: 0.4384
2021-04-22 01:36:35,510 - mmdet - INFO - Epoch [8][1200/1581]	lr: 1.250e-03, eta: 2:52:14, time: 1.563, data_time: 0.018, memory: 5682, loss_cls: 0.2054, loss_bbox: 0.2418, loss: 0.4472
2021-04-22 01:37:54,121 - mmdet - INFO - Epoch [8][1250/1581]	lr: 1.250e-03, eta: 2:50:57, time: 1.571, data_time: 0.018, memory: 5682, loss_cls: 0.1848, loss_bbox: 0.2256, loss: 0.4104
2021-04-22 01:39:12,895 - mmdet - INFO - Epoch [8][1300/1581]	lr: 1.250e-03, eta: 2:49:41, time: 1.575, data_time: 0.020, memory: 5682, loss_cls: 0.2064, loss_bbox: 0.2495, loss: 0.4559
2021-04-22 01:40:29,512 - mmdet - INFO - Epoch [8][1350/1581]	lr: 1.250e-03, eta: 2:48:24, time: 1.531, data_time: 0.020, memory: 5682, loss_cls: 0.1955, loss_bbox: 0.2323, loss: 0.4278
2021-04-22 01:41:47,329 - mmdet - INFO - Epoch [8][1400/1581]	lr: 1.250e-03, eta: 2:47:07, time: 1.556, data_time: 0.021, memory: 5682, loss_cls: 0.1952, loss_bbox: 0.2315, loss: 0.4267
2021-04-22 01:43:05,201 - mmdet - INFO - Epoch [8][1450/1581]	lr: 1.250e-03, eta: 2:45:51, time: 1.561, data_time: 0.020, memory: 5682, loss_cls: 0.1999, loss_bbox: 0.2416, loss: 0.4415
2021-04-22 01:44:23,025 - mmdet - INFO - Epoch [8][1500/1581]	lr: 1.250e-03, eta: 2:44:34, time: 1.554, data_time: 0.017, memory: 5682, loss_cls: 0.1961, loss_bbox: 0.2252, loss: 0.4213
2021-04-22 01:45:40,243 - mmdet - INFO - Epoch [8][1550/1581]	lr: 1.250e-03, eta: 2:43:17, time: 1.546, data_time: 0.019, memory: 5682, loss_cls: 0.1851, loss_bbox: 0.2242, loss: 0.4092
2021-04-22 01:46:20,783 - mmdet - INFO - Saving checkpoint at 8 epochs
2021-04-22 01:47:53,502 - mmdet - INFO - Evaluating bbox...
2021-04-22 01:47:56,365 - mmdet - INFO - Exp name: retinanet_r50_fpn_1x_coco.py
2021-04-22 01:47:56,365 - mmdet - INFO - Epoch(val) [8][1581]	bbox_mAP: 0.3520, bbox_mAP_50: 0.5780, bbox_mAP_75: 0.4010, bbox_mAP_s: 0.0280, bbox_mAP_m: 0.3080, bbox_mAP_l: 0.4720, bbox_mAP_copypaste: 0.352 0.578 0.401 0.028 0.308 0.472
2021-04-22 01:49:19,204 - mmdet - INFO - Epoch [9][50/1581]	lr: 1.250e-04, eta: 2:40:51, time: 1.653, data_time: 0.066, memory: 5682, loss_cls: 0.1660, loss_bbox: 0.2113, loss: 0.3774
2021-04-22 01:50:39,119 - mmdet - INFO - Epoch [9][100/1581]	lr: 1.250e-04, eta: 2:39:36, time: 1.597, data_time: 0.017, memory: 5682, loss_cls: 0.1592, loss_bbox: 0.2081, loss: 0.3672
2021-04-22 01:51:57,291 - mmdet - INFO - Epoch [9][150/1581]	lr: 1.250e-04, eta: 2:38:19, time: 1.561, data_time: 0.019, memory: 5682, loss_cls: 0.1642, loss_bbox: 0.2093, loss: 0.3736
2021-04-22 01:53:16,257 - mmdet - INFO - Epoch [9][200/1581]	lr: 1.250e-04, eta: 2:37:04, time: 1.583, data_time: 0.021, memory: 5682, loss_cls: 0.1590, loss_bbox: 0.2065, loss: 0.3655
2021-04-22 01:54:39,510 - mmdet - INFO - Epoch [9][250/1581]	lr: 1.250e-04, eta: 2:35:49, time: 1.662, data_time: 0.030, memory: 5682, loss_cls: 0.1755, loss_bbox: 0.2251, loss: 0.4006
2021-04-22 01:55:58,774 - mmdet - INFO - Epoch [9][300/1581]	lr: 1.250e-04, eta: 2:34:34, time: 1.585, data_time: 0.021, memory: 5682, loss_cls: 0.1435, loss_bbox: 0.1986, loss: 0.3421
2021-04-22 01:57:16,619 - mmdet - INFO - Epoch [9][350/1581]	lr: 1.250e-04, eta: 2:33:17, time: 1.557, data_time: 0.022, memory: 5682, loss_cls: 0.1617, loss_bbox: 0.2070, loss: 0.3687
2021-04-22 01:58:34,600 - mmdet - INFO - Epoch [9][400/1581]	lr: 1.250e-04, eta: 2:32:01, time: 1.562, data_time: 0.020, memory: 5682, loss_cls: 0.1676, loss_bbox: 0.2105, loss: 0.3781
2021-04-22 01:59:51,695 - mmdet - INFO - Epoch [9][450/1581]	lr: 1.250e-04, eta: 2:30:43, time: 1.538, data_time: 0.018, memory: 5682, loss_cls: 0.1618, loss_bbox: 0.2086, loss: 0.3704
2021-04-22 02:01:09,773 - mmdet - INFO - Epoch [9][500/1581]	lr: 1.250e-04, eta: 2:29:27, time: 1.567, data_time: 0.022, memory: 5682, loss_cls: 0.1548, loss_bbox: 0.2060, loss: 0.3608
2021-04-22 02:02:27,398 - mmdet - INFO - Epoch [9][550/1581]	lr: 1.250e-04, eta: 2:28:10, time: 1.550, data_time: 0.018, memory: 5682, loss_cls: 0.1544, loss_bbox: 0.2058, loss: 0.3602
2021-04-22 02:03:44,723 - mmdet - INFO - Epoch [9][600/1581]	lr: 1.250e-04, eta: 2:26:53, time: 1.546, data_time: 0.021, memory: 5682, loss_cls: 0.1464, loss_bbox: 0.2020, loss: 0.3483
2021-04-22 02:05:03,764 - mmdet - INFO - Epoch [9][650/1581]	lr: 1.250e-04, eta: 2:25:37, time: 1.581, data_time: 0.021, memory: 5682, loss_cls: 0.1602, loss_bbox: 0.2081, loss: 0.3683
2021-04-22 02:06:22,278 - mmdet - INFO - Epoch [9][700/1581]	lr: 1.250e-04, eta: 2:24:21, time: 1.570, data_time: 0.021, memory: 5682, loss_cls: 0.1558, loss_bbox: 0.2095, loss: 0.3654
2021-04-22 02:07:40,891 - mmdet - INFO - Epoch [9][750/1581]	lr: 1.250e-04, eta: 2:23:05, time: 1.575, data_time: 0.022, memory: 5682, loss_cls: 0.1587, loss_bbox: 0.2048, loss: 0.3636
2021-04-22 02:08:57,644 - mmdet - INFO - Epoch [9][800/1581]	lr: 1.250e-04, eta: 2:21:48, time: 1.535, data_time: 0.019, memory: 5682, loss_cls: 0.1565, loss_bbox: 0.2066, loss: 0.3630
2021-04-22 02:10:16,440 - mmdet - INFO - Epoch [9][850/1581]	lr: 1.250e-04, eta: 2:20:31, time: 1.576, data_time: 0.019, memory: 5682, loss_cls: 0.1583, loss_bbox: 0.2047, loss: 0.3631
2021-04-22 02:11:33,976 - mmdet - INFO - Epoch [9][900/1581]	lr: 1.250e-04, eta: 2:19:15, time: 1.551, data_time: 0.018, memory: 5682, loss_cls: 0.1601, loss_bbox: 0.2034, loss: 0.3635
2021-04-22 02:12:51,843 - mmdet - INFO - Epoch [9][950/1581]	lr: 1.250e-04, eta: 2:17:58, time: 1.554, data_time: 0.019, memory: 5682, loss_cls: 0.1542, loss_bbox: 0.2035, loss: 0.3577
2021-04-22 02:14:10,543 - mmdet - INFO - Epoch [9][1000/1581]	lr: 1.250e-04, eta: 2:16:41, time: 1.574, data_time: 0.021, memory: 5682, loss_cls: 0.1647, loss_bbox: 0.2107, loss: 0.3754
2021-04-22 02:15:28,563 - mmdet - INFO - Epoch [9][1050/1581]	lr: 1.250e-04, eta: 2:15:25, time: 1.562, data_time: 0.021, memory: 5682, loss_cls: 0.1569, loss_bbox: 0.2076, loss: 0.3645
2021-04-22 02:16:46,611 - mmdet - INFO - Epoch [9][1100/1581]	lr: 1.250e-04, eta: 2:14:08, time: 1.561, data_time: 0.019, memory: 5682, loss_cls: 0.1516, loss_bbox: 0.1950, loss: 0.3466
2021-04-22 02:18:05,069 - mmdet - INFO - Epoch [9][1150/1581]	lr: 1.250e-04, eta: 2:12:52, time: 1.572, data_time: 0.021, memory: 5682, loss_cls: 0.1696, loss_bbox: 0.2147, loss: 0.3843
2021-04-22 02:19:24,208 - mmdet - INFO - Epoch [9][1200/1581]	lr: 1.250e-04, eta: 2:11:35, time: 1.580, data_time: 0.019, memory: 5682, loss_cls: 0.1704, loss_bbox: 0.2176, loss: 0.3880
2021-04-22 02:20:42,372 - mmdet - INFO - Epoch [9][1250/1581]	lr: 1.250e-04, eta: 2:10:19, time: 1.566, data_time: 0.022, memory: 5682, loss_cls: 0.1588, loss_bbox: 0.2145, loss: 0.3734
2021-04-22 02:22:00,470 - mmdet - INFO - Epoch [9][1300/1581]	lr: 1.250e-04, eta: 2:09:02, time: 1.562, data_time: 0.019, memory: 5682, loss_cls: 0.1640, loss_bbox: 0.2134, loss: 0.3773
2021-04-22 02:23:17,237 - mmdet - INFO - Epoch [9][1350/1581]	lr: 1.250e-04, eta: 2:07:45, time: 1.535, data_time: 0.018, memory: 5682, loss_cls: 0.1400, loss_bbox: 0.1930, loss: 0.3330
2021-04-22 02:24:35,767 - mmdet - INFO - Epoch [9][1400/1581]	lr: 1.250e-04, eta: 2:06:28, time: 1.570, data_time: 0.016, memory: 5682, loss_cls: 0.1497, loss_bbox: 0.2025, loss: 0.3522
2021-04-22 02:25:54,219 - mmdet - INFO - Epoch [9][1450/1581]	lr: 1.250e-04, eta: 2:05:12, time: 1.567, data_time: 0.018, memory: 5682, loss_cls: 0.1447, loss_bbox: 0.1989, loss: 0.3436
2021-04-22 02:27:14,114 - mmdet - INFO - Epoch [9][1500/1581]	lr: 1.250e-04, eta: 2:03:56, time: 1.601, data_time: 0.020, memory: 5682, loss_cls: 0.1571, loss_bbox: 0.2103, loss: 0.3674
2021-04-22 02:28:32,139 - mmdet - INFO - Epoch [9][1550/1581]	lr: 1.250e-04, eta: 2:02:39, time: 1.558, data_time: 0.017, memory: 5682, loss_cls: 0.1450, loss_bbox: 0.1909, loss: 0.3359
2021-04-22 02:29:15,103 - mmdet - INFO - Saving checkpoint at 9 epochs
2021-04-22 02:30:46,047 - mmdet - INFO - Evaluating bbox...
2021-04-22 02:30:48,427 - mmdet - INFO - Exp name: retinanet_r50_fpn_1x_coco.py
2021-04-22 02:30:48,427 - mmdet - INFO - Epoch(val) [9][1581]	bbox_mAP: 0.3400, bbox_mAP_50: 0.5640, bbox_mAP_75: 0.3710, bbox_mAP_s: 0.0300, bbox_mAP_m: 0.3020, bbox_mAP_l: 0.4550, bbox_mAP_copypaste: 0.340 0.564 0.371 0.030 0.302 0.455
2021-04-22 02:32:08,964 - mmdet - INFO - Epoch [10][50/1581]	lr: 1.250e-04, eta: 2:00:19, time: 1.608, data_time: 0.069, memory: 5682, loss_cls: 0.1495, loss_bbox: 0.2021, loss: 0.3516
2021-04-22 02:33:26,765 - mmdet - INFO - Epoch [10][100/1581]	lr: 1.250e-04, eta: 1:59:03, time: 1.555, data_time: 0.017, memory: 5682, loss_cls: 0.1529, loss_bbox: 0.1989, loss: 0.3518
2021-04-22 02:34:44,596 - mmdet - INFO - Epoch [10][150/1581]	lr: 1.250e-04, eta: 1:57:46, time: 1.558, data_time: 0.018, memory: 5682, loss_cls: 0.1489, loss_bbox: 0.2017, loss: 0.3506
2021-04-22 02:36:02,767 - mmdet - INFO - Epoch [10][200/1581]	lr: 1.250e-04, eta: 1:56:30, time: 1.561, data_time: 0.018, memory: 5682, loss_cls: 0.1553, loss_bbox: 0.2077, loss: 0.3629
2021-04-22 02:37:22,773 - mmdet - INFO - Epoch [10][250/1581]	lr: 1.250e-04, eta: 1:55:14, time: 1.603, data_time: 0.021, memory: 5682, loss_cls: 0.1493, loss_bbox: 0.2055, loss: 0.3547
2021-04-22 02:38:41,475 - mmdet - INFO - Epoch [10][300/1581]	lr: 1.250e-04, eta: 1:53:57, time: 1.570, data_time: 0.017, memory: 5682, loss_cls: 0.1570, loss_bbox: 0.2087, loss: 0.3657
2021-04-22 02:39:59,175 - mmdet - INFO - Epoch [10][350/1581]	lr: 1.250e-04, eta: 1:52:40, time: 1.554, data_time: 0.022, memory: 5682, loss_cls: 0.1534, loss_bbox: 0.2020, loss: 0.3554
2021-04-22 02:41:17,233 - mmdet - INFO - Epoch [10][400/1581]	lr: 1.250e-04, eta: 1:51:24, time: 1.565, data_time: 0.021, memory: 5682, loss_cls: 0.1419, loss_bbox: 0.1933, loss: 0.3352
2021-04-22 02:42:35,680 - mmdet - INFO - Epoch [10][450/1581]	lr: 1.250e-04, eta: 1:50:07, time: 1.569, data_time: 0.019, memory: 5682, loss_cls: 0.1569, loss_bbox: 0.2113, loss: 0.3682
2021-04-22 02:43:53,745 - mmdet - INFO - Epoch [10][500/1581]	lr: 1.250e-04, eta: 1:48:51, time: 1.560, data_time: 0.018, memory: 5682, loss_cls: 0.1384, loss_bbox: 0.1856, loss: 0.3240
2021-04-22 02:45:12,936 - mmdet - INFO - Epoch [10][550/1581]	lr: 1.250e-04, eta: 1:47:34, time: 1.585, data_time: 0.018, memory: 5682, loss_cls: 0.1546, loss_bbox: 0.2040, loss: 0.3586
2021-04-22 02:46:30,029 - mmdet - INFO - Epoch [10][600/1581]	lr: 1.250e-04, eta: 1:46:17, time: 1.539, data_time: 0.018, memory: 5682, loss_cls: 0.1428, loss_bbox: 0.1930, loss: 0.3359
2021-04-22 02:47:49,618 - mmdet - INFO - Epoch [10][650/1581]	lr: 1.250e-04, eta: 1:45:01, time: 1.593, data_time: 0.021, memory: 5682, loss_cls: 0.1503, loss_bbox: 0.2043, loss: 0.3547
2021-04-22 02:49:09,413 - mmdet - INFO - Epoch [10][700/1581]	lr: 1.250e-04, eta: 1:43:45, time: 1.593, data_time: 0.020, memory: 5682, loss_cls: 0.1480, loss_bbox: 0.2029, loss: 0.3509
2021-04-22 02:50:28,834 - mmdet - INFO - Epoch [10][750/1581]	lr: 1.250e-04, eta: 1:42:29, time: 1.590, data_time: 0.023, memory: 5682, loss_cls: 0.1449, loss_bbox: 0.1948, loss: 0.3396
2021-04-22 02:51:48,767 - mmdet - INFO - Epoch [10][800/1581]	lr: 1.250e-04, eta: 1:41:12, time: 1.600, data_time: 0.021, memory: 5682, loss_cls: 0.1597, loss_bbox: 0.2067, loss: 0.3664
2021-04-22 02:53:06,461 - mmdet - INFO - Epoch [10][850/1581]	lr: 1.250e-04, eta: 1:39:56, time: 1.554, data_time: 0.020, memory: 5682, loss_cls: 0.1434, loss_bbox: 0.1941, loss: 0.3376
2021-04-22 02:54:25,559 - mmdet - INFO - Epoch [10][900/1581]	lr: 1.250e-04, eta: 1:38:39, time: 1.579, data_time: 0.019, memory: 5682, loss_cls: 0.1623, loss_bbox: 0.2139, loss: 0.3762
2021-04-22 02:55:42,713 - mmdet - INFO - Epoch [10][950/1581]	lr: 1.250e-04, eta: 1:37:22, time: 1.545, data_time: 0.020, memory: 5682, loss_cls: 0.1486, loss_bbox: 0.1970, loss: 0.3457
2021-04-22 02:56:59,800 - mmdet - INFO - Epoch [10][1000/1581]	lr: 1.250e-04, eta: 1:36:05, time: 1.543, data_time: 0.019, memory: 5682, loss_cls: 0.1495, loss_bbox: 0.2004, loss: 0.3498
2021-04-22 02:58:17,367 - mmdet - INFO - Epoch [10][1050/1581]	lr: 1.250e-04, eta: 1:34:48, time: 1.549, data_time: 0.017, memory: 5682, loss_cls: 0.1569, loss_bbox: 0.2062, loss: 0.3631
2021-04-22 02:59:35,919 - mmdet - INFO - Epoch [10][1100/1581]	lr: 1.250e-04, eta: 1:33:32, time: 1.570, data_time: 0.020, memory: 5682, loss_cls: 0.1468, loss_bbox: 0.1981, loss: 0.3449
2021-04-22 03:00:54,271 - mmdet - INFO - Epoch [10][1150/1581]	lr: 1.250e-04, eta: 1:32:15, time: 1.569, data_time: 0.020, memory: 5682, loss_cls: 0.1774, loss_bbox: 0.2224, loss: 0.3998
2021-04-22 03:02:11,829 - mmdet - INFO - Epoch [10][1200/1581]	lr: 1.250e-04, eta: 1:30:58, time: 1.550, data_time: 0.020, memory: 5682, loss_cls: 0.1468, loss_bbox: 0.1915, loss: 0.3383
2021-04-22 03:03:29,099 - mmdet - INFO - Epoch [10][1250/1581]	lr: 1.250e-04, eta: 1:29:41, time: 1.547, data_time: 0.021, memory: 5682, loss_cls: 0.1484, loss_bbox: 0.2003, loss: 0.3487
2021-04-22 03:04:47,126 - mmdet - INFO - Epoch [10][1300/1581]	lr: 1.250e-04, eta: 1:28:24, time: 1.559, data_time: 0.019, memory: 5682, loss_cls: 0.1595, loss_bbox: 0.2045, loss: 0.3640
2021-04-22 03:06:06,470 - mmdet - INFO - Epoch [10][1350/1581]	lr: 1.250e-04, eta: 1:27:08, time: 1.586, data_time: 0.022, memory: 5682, loss_cls: 0.1406, loss_bbox: 0.1863, loss: 0.3269
2021-04-22 03:07:25,031 - mmdet - INFO - Epoch [10][1400/1581]	lr: 1.250e-04, eta: 1:25:51, time: 1.575, data_time: 0.022, memory: 5682, loss_cls: 0.1542, loss_bbox: 0.2055, loss: 0.3597
2021-04-22 03:08:45,415 - mmdet - INFO - Epoch [10][1450/1581]	lr: 1.250e-04, eta: 1:24:35, time: 1.608, data_time: 0.019, memory: 5682, loss_cls: 0.1565, loss_bbox: 0.2040, loss: 0.3605
2021-04-22 03:10:02,427 - mmdet - INFO - Epoch [10][1500/1581]	lr: 1.250e-04, eta: 1:23:17, time: 1.540, data_time: 0.018, memory: 5682, loss_cls: 0.1480, loss_bbox: 0.1973, loss: 0.3452
2021-04-22 03:11:21,838 - mmdet - INFO - Epoch [10][1550/1581]	lr: 1.250e-04, eta: 1:22:01, time: 1.587, data_time: 0.020, memory: 5682, loss_cls: 0.1477, loss_bbox: 0.1956, loss: 0.3433
2021-04-22 03:12:04,377 - mmdet - INFO - Saving checkpoint at 10 epochs
2021-04-22 03:13:37,227 - mmdet - INFO - Evaluating bbox...
2021-04-22 03:13:39,756 - mmdet - INFO - Exp name: retinanet_r50_fpn_1x_coco.py
2021-04-22 03:13:39,756 - mmdet - INFO - Epoch(val) [10][1581]	bbox_mAP: 0.3440, bbox_mAP_50: 0.5640, bbox_mAP_75: 0.3680, bbox_mAP_s: 0.0300, bbox_mAP_m: 0.3050, bbox_mAP_l: 0.4570, bbox_mAP_copypaste: 0.344 0.564 0.368 0.030 0.305 0.457
2021-04-22 03:15:00,390 - mmdet - INFO - Epoch [11][50/1581]	lr: 1.250e-04, eta: 1:19:47, time: 1.609, data_time: 0.082, memory: 5682, loss_cls: 0.1377, loss_bbox: 0.1909, loss: 0.3286
2021-04-22 03:16:17,954 - mmdet - INFO - Epoch [11][100/1581]	lr: 1.250e-04, eta: 1:18:31, time: 1.549, data_time: 0.018, memory: 5682, loss_cls: 0.1569, loss_bbox: 0.2092, loss: 0.3661
2021-04-22 03:17:36,512 - mmdet - INFO - Epoch [11][150/1581]	lr: 1.250e-04, eta: 1:17:14, time: 1.574, data_time: 0.022, memory: 5682, loss_cls: 0.1419, loss_bbox: 0.1910, loss: 0.3329
2021-04-22 03:18:56,436 - mmdet - INFO - Epoch [11][200/1581]	lr: 1.250e-04, eta: 1:15:58, time: 1.598, data_time: 0.028, memory: 5682, loss_cls: 0.1387, loss_bbox: 0.1914, loss: 0.3302
2021-04-22 03:20:13,670 - mmdet - INFO - Epoch [11][250/1581]	lr: 1.250e-04, eta: 1:14:41, time: 1.546, data_time: 0.019, memory: 5682, loss_cls: 0.1556, loss_bbox: 0.2057, loss: 0.3613
2021-04-22 03:21:31,442 - mmdet - INFO - Epoch [11][300/1581]	lr: 1.250e-04, eta: 1:13:24, time: 1.553, data_time: 0.017, memory: 5682, loss_cls: 0.1402, loss_bbox: 0.1971, loss: 0.3373
2021-04-22 03:22:49,483 - mmdet - INFO - Epoch [11][350/1581]	lr: 1.250e-04, eta: 1:12:07, time: 1.559, data_time: 0.020, memory: 5682, loss_cls: 0.1393, loss_bbox: 0.1938, loss: 0.3331
2021-04-22 03:24:06,596 - mmdet - INFO - Epoch [11][400/1581]	lr: 1.250e-04, eta: 1:10:50, time: 1.546, data_time: 0.022, memory: 5682, loss_cls: 0.1502, loss_bbox: 0.1986, loss: 0.3488
2021-04-22 03:25:26,033 - mmdet - INFO - Epoch [11][450/1581]	lr: 1.250e-04, eta: 1:09:34, time: 1.587, data_time: 0.019, memory: 5682, loss_cls: 0.1589, loss_bbox: 0.2159, loss: 0.3748
2021-04-22 03:26:45,137 - mmdet - INFO - Epoch [11][500/1581]	lr: 1.250e-04, eta: 1:08:17, time: 1.581, data_time: 0.020, memory: 5682, loss_cls: 0.1489, loss_bbox: 0.2027, loss: 0.3516
2021-04-22 03:28:02,967 - mmdet - INFO - Epoch [11][550/1581]	lr: 1.250e-04, eta: 1:07:00, time: 1.557, data_time: 0.022, memory: 5682, loss_cls: 0.1530, loss_bbox: 0.2022, loss: 0.3552
2021-04-22 03:29:22,374 - mmdet - INFO - Epoch [11][600/1581]	lr: 1.250e-04, eta: 1:05:44, time: 1.589, data_time: 0.021, memory: 5682, loss_cls: 0.1357, loss_bbox: 0.1844, loss: 0.3201
2021-04-22 03:30:40,933 - mmdet - INFO - Epoch [11][650/1581]	lr: 1.250e-04, eta: 1:04:27, time: 1.572, data_time: 0.020, memory: 5682, loss_cls: 0.1521, loss_bbox: 0.2063, loss: 0.3583
2021-04-22 03:31:58,482 - mmdet - INFO - Epoch [11][700/1581]	lr: 1.250e-04, eta: 1:03:10, time: 1.553, data_time: 0.019, memory: 5682, loss_cls: 0.1454, loss_bbox: 0.1980, loss: 0.3434
2021-04-22 03:33:15,859 - mmdet - INFO - Epoch [11][750/1581]	lr: 1.250e-04, eta: 1:01:53, time: 1.545, data_time: 0.018, memory: 5682, loss_cls: 0.1524, loss_bbox: 0.2050, loss: 0.3574
2021-04-22 03:34:33,276 - mmdet - INFO - Epoch [11][800/1581]	lr: 1.250e-04, eta: 1:00:36, time: 1.549, data_time: 0.020, memory: 5682, loss_cls: 0.1467, loss_bbox: 0.1891, loss: 0.3359
2021-04-22 03:35:52,151 - mmdet - INFO - Epoch [11][850/1581]	lr: 1.250e-04, eta: 0:59:19, time: 1.578, data_time: 0.019, memory: 5682, loss_cls: 0.1442, loss_bbox: 0.2013, loss: 0.3455
2021-04-22 03:37:12,437 - mmdet - INFO - Epoch [11][900/1581]	lr: 1.250e-04, eta: 0:58:03, time: 1.607, data_time: 0.020, memory: 5682, loss_cls: 0.1450, loss_bbox: 0.1943, loss: 0.3393
2021-04-22 03:38:32,401 - mmdet - INFO - Epoch [11][950/1581]	lr: 1.250e-04, eta: 0:56:46, time: 1.599, data_time: 0.018, memory: 5682, loss_cls: 0.1648, loss_bbox: 0.2116, loss: 0.3764
2021-04-22 03:39:50,547 - mmdet - INFO - Epoch [11][1000/1581]	lr: 1.250e-04, eta: 0:55:29, time: 1.563, data_time: 0.018, memory: 5682, loss_cls: 0.1406, loss_bbox: 0.1938, loss: 0.3343
2021-04-22 03:41:09,265 - mmdet - INFO - Epoch [11][1050/1581]	lr: 1.250e-04, eta: 0:54:13, time: 1.575, data_time: 0.018, memory: 5682, loss_cls: 0.1558, loss_bbox: 0.1998, loss: 0.3556
2021-04-22 03:42:27,712 - mmdet - INFO - Epoch [11][1100/1581]	lr: 1.250e-04, eta: 0:52:56, time: 1.567, data_time: 0.018, memory: 5682, loss_cls: 0.1513, loss_bbox: 0.2019, loss: 0.3532
2021-04-22 03:43:43,895 - mmdet - INFO - Epoch [11][1150/1581]	lr: 1.250e-04, eta: 0:51:39, time: 1.525, data_time: 0.019, memory: 5682, loss_cls: 0.1405, loss_bbox: 0.1946, loss: 0.3351
2021-04-22 03:45:00,776 - mmdet - INFO - Epoch [11][1200/1581]	lr: 1.250e-04, eta: 0:50:22, time: 1.535, data_time: 0.018, memory: 5682, loss_cls: 0.1434, loss_bbox: 0.1973, loss: 0.3406
2021-04-22 03:46:20,792 - mmdet - INFO - Epoch [11][1250/1581]	lr: 1.250e-04, eta: 0:49:05, time: 1.600, data_time: 0.020, memory: 5682, loss_cls: 0.1483, loss_bbox: 0.2036, loss: 0.3520
2021-04-22 03:47:37,983 - mmdet - INFO - Epoch [11][1300/1581]	lr: 1.250e-04, eta: 0:47:48, time: 1.546, data_time: 0.020, memory: 5682, loss_cls: 0.1521, loss_bbox: 0.2032, loss: 0.3553
2021-04-22 03:48:55,164 - mmdet - INFO - Epoch [11][1350/1581]	lr: 1.250e-04, eta: 0:46:31, time: 1.542, data_time: 0.019, memory: 5682, loss_cls: 0.1449, loss_bbox: 0.1936, loss: 0.3385
2021-04-22 03:50:14,455 - mmdet - INFO - Epoch [11][1400/1581]	lr: 1.250e-04, eta: 0:45:14, time: 1.587, data_time: 0.019, memory: 5682, loss_cls: 0.1547, loss_bbox: 0.2071, loss: 0.3618
2021-04-22 03:51:32,971 - mmdet - INFO - Epoch [11][1450/1581]	lr: 1.250e-04, eta: 0:43:57, time: 1.568, data_time: 0.018, memory: 5682, loss_cls: 0.1482, loss_bbox: 0.1929, loss: 0.3411
2021-04-22 03:52:51,393 - mmdet - INFO - Epoch [11][1500/1581]	lr: 1.250e-04, eta: 0:42:40, time: 1.568, data_time: 0.021, memory: 5682, loss_cls: 0.1417, loss_bbox: 0.1919, loss: 0.3336
2021-04-22 03:54:10,706 - mmdet - INFO - Epoch [11][1550/1581]	lr: 1.250e-04, eta: 0:41:23, time: 1.584, data_time: 0.021, memory: 5682, loss_cls: 0.1655, loss_bbox: 0.2183, loss: 0.3838
2021-04-22 03:54:53,316 - mmdet - INFO - Saving checkpoint at 11 epochs
2021-04-22 03:56:23,690 - mmdet - INFO - Evaluating bbox...
2021-04-22 03:56:25,671 - mmdet - INFO - Exp name: retinanet_r50_fpn_1x_coco.py
2021-04-22 03:56:25,671 - mmdet - INFO - Epoch(val) [11][1581]	bbox_mAP: 0.3440, bbox_mAP_50: 0.5620, bbox_mAP_75: 0.3690, bbox_mAP_s: 0.0320, bbox_mAP_m: 0.3030, bbox_mAP_l: 0.4710, bbox_mAP_copypaste: 0.344 0.562 0.369 0.032 0.303 0.471
2021-04-22 03:57:45,819 - mmdet - INFO - Epoch [12][50/1581]	lr: 1.250e-05, eta: 0:39:15, time: 1.598, data_time: 0.068, memory: 5682, loss_cls: 0.1492, loss_bbox: 0.2014, loss: 0.3505
2021-04-22 03:59:04,360 - mmdet - INFO - Epoch [12][100/1581]	lr: 1.250e-05, eta: 0:37:58, time: 1.571, data_time: 0.019, memory: 5682, loss_cls: 0.1468, loss_bbox: 0.1972, loss: 0.3440
2021-04-22 04:00:22,357 - mmdet - INFO - Epoch [12][150/1581]	lr: 1.250e-05, eta: 0:36:41, time: 1.559, data_time: 0.019, memory: 5682, loss_cls: 0.1373, loss_bbox: 0.1861, loss: 0.3234
2021-04-22 04:01:40,585 - mmdet - INFO - Epoch [12][200/1581]	lr: 1.250e-05, eta: 0:35:24, time: 1.564, data_time: 0.022, memory: 5682, loss_cls: 0.1492, loss_bbox: 0.2033, loss: 0.3525
2021-04-22 04:02:59,006 - mmdet - INFO - Epoch [12][250/1581]	lr: 1.250e-05, eta: 0:34:07, time: 1.568, data_time: 0.021, memory: 5682, loss_cls: 0.1389, loss_bbox: 0.1941, loss: 0.3330
2021-04-22 04:04:17,056 - mmdet - INFO - Epoch [12][300/1581]	lr: 1.250e-05, eta: 0:32:51, time: 1.562, data_time: 0.020, memory: 5682, loss_cls: 0.1433, loss_bbox: 0.1967, loss: 0.3400
2021-04-22 04:05:36,283 - mmdet - INFO - Epoch [12][350/1581]	lr: 1.250e-05, eta: 0:31:34, time: 1.582, data_time: 0.019, memory: 5682, loss_cls: 0.1416, loss_bbox: 0.1918, loss: 0.3334
2021-04-22 04:06:55,170 - mmdet - INFO - Epoch [12][400/1581]	lr: 1.250e-05, eta: 0:30:17, time: 1.578, data_time: 0.022, memory: 5682, loss_cls: 0.1333, loss_bbox: 0.1861, loss: 0.3194
2021-04-22 04:08:13,800 - mmdet - INFO - Epoch [12][450/1581]	lr: 1.250e-05, eta: 0:29:00, time: 1.573, data_time: 0.022, memory: 5682, loss_cls: 0.1350, loss_bbox: 0.1862, loss: 0.3213
2021-04-22 04:09:32,070 - mmdet - INFO - Epoch [12][500/1581]	lr: 1.250e-05, eta: 0:27:43, time: 1.566, data_time: 0.021, memory: 5682, loss_cls: 0.1367, loss_bbox: 0.1921, loss: 0.3289
2021-04-22 04:10:49,703 - mmdet - INFO - Epoch [12][550/1581]	lr: 1.250e-05, eta: 0:26:26, time: 1.552, data_time: 0.020, memory: 5682, loss_cls: 0.1496, loss_bbox: 0.1991, loss: 0.3487
2021-04-22 04:12:08,754 - mmdet - INFO - Epoch [12][600/1581]	lr: 1.250e-05, eta: 0:25:10, time: 1.581, data_time: 0.022, memory: 5682, loss_cls: 0.1414, loss_bbox: 0.2004, loss: 0.3418
2021-04-22 04:13:27,129 - mmdet - INFO - Epoch [12][650/1581]	lr: 1.250e-05, eta: 0:23:53, time: 1.570, data_time: 0.023, memory: 5682, loss_cls: 0.1334, loss_bbox: 0.1840, loss: 0.3175
2021-04-22 04:14:43,940 - mmdet - INFO - Epoch [12][700/1581]	lr: 1.250e-05, eta: 0:22:36, time: 1.537, data_time: 0.018, memory: 5682, loss_cls: 0.1461, loss_bbox: 0.1924, loss: 0.3385
2021-04-22 04:16:02,425 - mmdet - INFO - Epoch [12][750/1581]	lr: 1.250e-05, eta: 0:21:19, time: 1.569, data_time: 0.017, memory: 5682, loss_cls: 0.1374, loss_bbox: 0.1927, loss: 0.3300
2021-04-22 04:17:22,703 - mmdet - INFO - Epoch [12][800/1581]	lr: 1.250e-05, eta: 0:20:02, time: 1.602, data_time: 0.018, memory: 5682, loss_cls: 0.1462, loss_bbox: 0.1936, loss: 0.3398
2021-04-22 04:18:41,882 - mmdet - INFO - Epoch [12][850/1581]	lr: 1.250e-05, eta: 0:18:45, time: 1.585, data_time: 0.021, memory: 5682, loss_cls: 0.1526, loss_bbox: 0.2014, loss: 0.3540
2021-04-22 04:20:01,956 - mmdet - INFO - Epoch [12][900/1581]	lr: 1.250e-05, eta: 0:17:28, time: 1.603, data_time: 0.020, memory: 5682, loss_cls: 0.1490, loss_bbox: 0.2050, loss: 0.3541
2021-04-22 04:21:19,323 - mmdet - INFO - Epoch [12][950/1581]	lr: 1.250e-05, eta: 0:16:11, time: 1.548, data_time: 0.018, memory: 5682, loss_cls: 0.1541, loss_bbox: 0.1985, loss: 0.3526
2021-04-22 04:22:37,364 - mmdet - INFO - Epoch [12][1000/1581]	lr: 1.250e-05, eta: 0:14:54, time: 1.557, data_time: 0.017, memory: 5682, loss_cls: 0.1420, loss_bbox: 0.1949, loss: 0.3369
2021-04-22 04:23:56,486 - mmdet - INFO - Epoch [12][1050/1581]	lr: 1.250e-05, eta: 0:13:37, time: 1.585, data_time: 0.021, memory: 5682, loss_cls: 0.1398, loss_bbox: 0.1911, loss: 0.3309
2021-04-22 04:25:16,176 - mmdet - INFO - Epoch [12][1100/1581]	lr: 1.250e-05, eta: 0:12:20, time: 1.592, data_time: 0.018, memory: 5682, loss_cls: 0.1394, loss_bbox: 0.1867, loss: 0.3261
2021-04-22 04:26:33,701 - mmdet - INFO - Epoch [12][1150/1581]	lr: 1.250e-05, eta: 0:11:03, time: 1.553, data_time: 0.021, memory: 5682, loss_cls: 0.1415, loss_bbox: 0.1974, loss: 0.3389
2021-04-22 04:27:51,413 - mmdet - INFO - Epoch [12][1200/1581]	lr: 1.250e-05, eta: 0:09:46, time: 1.554, data_time: 0.017, memory: 5682, loss_cls: 0.1396, loss_bbox: 0.1918, loss: 0.3314
2021-04-22 04:29:10,801 - mmdet - INFO - Epoch [12][1250/1581]	lr: 1.250e-05, eta: 0:08:29, time: 1.585, data_time: 0.017, memory: 5682, loss_cls: 0.1432, loss_bbox: 0.1956, loss: 0.3388
2021-04-22 04:30:27,770 - mmdet - INFO - Epoch [12][1300/1581]	lr: 1.250e-05, eta: 0:07:12, time: 1.542, data_time: 0.020, memory: 5682, loss_cls: 0.1382, loss_bbox: 0.1908, loss: 0.3290
2021-04-22 04:31:46,100 - mmdet - INFO - Epoch [12][1350/1581]	lr: 1.250e-05, eta: 0:05:55, time: 1.564, data_time: 0.018, memory: 5682, loss_cls: 0.1431, loss_bbox: 0.1934, loss: 0.3365
2021-04-22 04:33:05,301 - mmdet - INFO - Epoch [12][1400/1581]	lr: 1.250e-05, eta: 0:04:38, time: 1.587, data_time: 0.020, memory: 5682, loss_cls: 0.1543, loss_bbox: 0.2073, loss: 0.3616
2021-04-22 04:34:21,798 - mmdet - INFO - Epoch [12][1450/1581]	lr: 1.250e-05, eta: 0:03:21, time: 1.528, data_time: 0.018, memory: 5682, loss_cls: 0.1346, loss_bbox: 0.1924, loss: 0.3271
2021-04-22 04:35:40,964 - mmdet - INFO - Epoch [12][1500/1581]	lr: 1.250e-05, eta: 0:02:04, time: 1.585, data_time: 0.020, memory: 5682, loss_cls: 0.1435, loss_bbox: 0.1955, loss: 0.3390
2021-04-22 04:36:58,657 - mmdet - INFO - Epoch [12][1550/1581]	lr: 1.250e-05, eta: 0:00:47, time: 1.555, data_time: 0.019, memory: 5682, loss_cls: 0.1553, loss_bbox: 0.1967, loss: 0.3520
2021-04-22 04:37:42,940 - mmdet - INFO - Saving checkpoint at 12 epochs
2021-04-22 04:39:13,373 - mmdet - INFO - Evaluating bbox...
2021-04-22 04:39:15,447 - mmdet - INFO - Exp name: retinanet_r50_fpn_1x_coco.py
2021-04-22 04:39:15,447 - mmdet - INFO - Epoch(val) [12][1581]	bbox_mAP: 0.3530, bbox_mAP_50: 0.5670, bbox_mAP_75: 0.3840, bbox_mAP_s: 0.0310, bbox_mAP_m: 0.3080, bbox_mAP_l: 0.4810, bbox_mAP_copypaste: 0.353 0.567 0.384 0.031 0.308 0.481
